[0.153s] Invoking command in '/home/luisf/robot2_ws/build/custom_msg': CMAKE_PREFIX_PATH=/opt/ros/foxy /usr/bin/cmake /home/luisf/robot2_ws/src/custom_msg -DCMAKE_INSTALL_PREFIX=/home/luisf/robot2_ws/install/custom_msg
[0.262s] CMake Warning (dev) at CMakeLists.txt:40:
[0.262s]   Syntax Warning in cmake code at column 20
[0.262s] 
[0.262s]   Argument not separated from preceding token by whitespace.
[0.262s] This warning is for project developers.  Use -Wno-dev to suppress it.
[0.263s] 
[0.462s] -- Found ament_cmake: 0.9.12 (/opt/ros/foxy/share/ament_cmake/cmake)
[0.579s] -- Found PythonInterp: /usr/bin/python3 (found suitable version "3.8.10", minimum required is "3") 
[0.579s] -- Using PYTHON_EXECUTABLE: /usr/bin/python3
[0.965s] -- Override CMake install command with custom implementation using symlinks instead of copying resources
[1.109s] -- Found rclcpp: 2.4.3 (/opt/ros/foxy/share/rclcpp/cmake)
[1.622s] -- Using all available rosidl_typesupport_c: rosidl_typesupport_fastrtps_c;rosidl_typesupport_introspection_c
[1.678s] -- Found rosidl_adapter: 1.3.1 (/opt/ros/foxy/share/rosidl_adapter/cmake)
[2.387s] -- Using all available rosidl_typesupport_cpp: rosidl_typesupport_fastrtps_cpp;rosidl_typesupport_introspection_cpp
[2.598s] -- Found rmw_implementation_cmake: 1.0.4 (/opt/ros/foxy/share/rmw_implementation_cmake/cmake)
[2.601s] -- Using RMW implementation 'rmw_fastrtps_cpp' as default
[3.141s] -- Found geometry_msgs: 2.0.5 (/opt/ros/foxy/share/geometry_msgs/cmake)
[3.244s] -- Found rosidl_default_generators: 1.0.1 (/opt/ros/foxy/share/rosidl_default_generators/cmake)
[3.334s] -- Found ament_lint_auto: 0.9.8 (/opt/ros/foxy/share/ament_lint_auto/cmake)
[3.618s] CMake Error at /opt/ros/foxy/share/rosidl_cmake/cmake/rosidl_generate_interfaces.cmake:93 (message):
[3.618s]   rosidl_generate_interfaces() the passed file ',' doesn't exist relative to
[3.618s]   the CMAKE_CURRENT_SOURCE_DIR '/home/luisf/robot2_ws/src/custom_msg'
[3.619s] Call Stack (most recent call first):
[3.619s]   CMakeLists.txt:39 (rosidl_generate_interfaces)
[3.619s] 
[3.619s] 
[3.621s] -- Configuring incomplete, errors occurred!
[3.622s] See also "/home/luisf/robot2_ws/build/custom_msg/CMakeFiles/CMakeOutput.log".
[3.622s] See also "/home/luisf/robot2_ws/build/custom_msg/CMakeFiles/CMakeError.log".
[3.632s] Invoked command in '/home/luisf/robot2_ws/build/custom_msg' returned '1': CMAKE_PREFIX_PATH=/opt/ros/foxy /usr/bin/cmake /home/luisf/robot2_ws/src/custom_msg -DCMAKE_INSTALL_PREFIX=/home/luisf/robot2_ws/install/custom_msg
