[2.154s] Invoking command in '/home/luisf/robot2_ws/src/pub_sub_custom': CMAKE_PREFIX_PATH=/home/luisf/robot2_ws/install/custom_msg:/home/luisf/robot2_ws/install/publisher_subscriber_custom_msg:/home/luisf/robot2_ws/install/program1:/home/luisf/robot2_ws/install/node1:/home/luisf/robot2_ws/install/my_package:/home/luisf/robot2_ws/install/cpp_publisher_subscriber PYTHONPATH=/home/luisf/robot2_ws/build/pub_sub_custom/prefix_override:/home/luisf/robot2_ws/install/pub_sub_custom/lib/python3.8/site-packages:/home/luisf/robot2_ws/install/custom_msg/lib/python3.8/site-packages:/home/luisf/robot2_ws/build/publisher_subscriber_r:/home/luisf/robot2_ws/install/publisher_subscriber_r/lib/python3.8/site-packages:/home/luisf/robot2_ws/build/program2:/home/luisf/robot2_ws/install/program2/lib/python3.8/site-packages:/opt/ros/foxy/lib/python3.8/site-packages /usr/bin/python3 setup.py egg_info --egg-base ../../build/pub_sub_custom build --build-base /home/luisf/robot2_ws/build/pub_sub_custom/build install --record /home/luisf/robot2_ws/build/pub_sub_custom/install.log --install-scripts $base/lib/pub_sub_custom --single-version-externally-managed
[2.571s] running egg_info
[2.572s] creating ../../build/pub_sub_custom/pub_sub_custom.egg-info
[2.572s] writing ../../build/pub_sub_custom/pub_sub_custom.egg-info/PKG-INFO
[2.573s] writing dependency_links to ../../build/pub_sub_custom/pub_sub_custom.egg-info/dependency_links.txt
[2.573s] writing entry points to ../../build/pub_sub_custom/pub_sub_custom.egg-info/entry_points.txt
[2.573s] writing requirements to ../../build/pub_sub_custom/pub_sub_custom.egg-info/requires.txt
[2.573s] writing top-level names to ../../build/pub_sub_custom/pub_sub_custom.egg-info/top_level.txt
[2.600s] writing manifest file '../../build/pub_sub_custom/pub_sub_custom.egg-info/SOURCES.txt'
[2.661s] reading manifest file '../../build/pub_sub_custom/pub_sub_custom.egg-info/SOURCES.txt'
[2.662s] writing manifest file '../../build/pub_sub_custom/pub_sub_custom.egg-info/SOURCES.txt'
[2.663s] running build
[2.663s] running build_py
[2.664s] creating /home/luisf/robot2_ws/build/pub_sub_custom/build
[2.664s] creating /home/luisf/robot2_ws/build/pub_sub_custom/build/lib
[2.664s] creating /home/luisf/robot2_ws/build/pub_sub_custom/build/lib/pub_sub_custom
[2.664s] copying pub_sub_custom/pub_custom.py -> /home/luisf/robot2_ws/build/pub_sub_custom/build/lib/pub_sub_custom
[2.665s] copying pub_sub_custom/sub_custom.py -> /home/luisf/robot2_ws/build/pub_sub_custom/build/lib/pub_sub_custom
[2.665s] copying pub_sub_custom/__init__.py -> /home/luisf/robot2_ws/build/pub_sub_custom/build/lib/pub_sub_custom
[2.665s] running install
[2.666s] running install_lib
[2.668s] creating /home/luisf/robot2_ws/install/pub_sub_custom/lib/python3.8/site-packages/pub_sub_custom
[2.668s] copying /home/luisf/robot2_ws/build/pub_sub_custom/build/lib/pub_sub_custom/pub_custom.py -> /home/luisf/robot2_ws/install/pub_sub_custom/lib/python3.8/site-packages/pub_sub_custom
[2.669s] copying /home/luisf/robot2_ws/build/pub_sub_custom/build/lib/pub_sub_custom/sub_custom.py -> /home/luisf/robot2_ws/install/pub_sub_custom/lib/python3.8/site-packages/pub_sub_custom
[2.669s] copying /home/luisf/robot2_ws/build/pub_sub_custom/build/lib/pub_sub_custom/__init__.py -> /home/luisf/robot2_ws/install/pub_sub_custom/lib/python3.8/site-packages/pub_sub_custom
[2.670s] byte-compiling /home/luisf/robot2_ws/install/pub_sub_custom/lib/python3.8/site-packages/pub_sub_custom/pub_custom.py to pub_custom.cpython-38.pyc
[2.672s] byte-compiling /home/luisf/robot2_ws/install/pub_sub_custom/lib/python3.8/site-packages/pub_sub_custom/sub_custom.py to sub_custom.cpython-38.pyc
[2.673s] byte-compiling /home/luisf/robot2_ws/install/pub_sub_custom/lib/python3.8/site-packages/pub_sub_custom/__init__.py to __init__.cpython-38.pyc
[2.673s] running install_data
[2.674s] creating /home/luisf/robot2_ws/install/pub_sub_custom/share/ament_index
[2.675s] creating /home/luisf/robot2_ws/install/pub_sub_custom/share/ament_index/resource_index
[2.675s] creating /home/luisf/robot2_ws/install/pub_sub_custom/share/ament_index/resource_index/packages
[2.675s] copying resource/pub_sub_custom -> /home/luisf/robot2_ws/install/pub_sub_custom/share/ament_index/resource_index/packages
[2.675s] copying package.xml -> /home/luisf/robot2_ws/install/pub_sub_custom/share/pub_sub_custom
[2.676s] running install_egg_info
[2.678s] Copying ../../build/pub_sub_custom/pub_sub_custom.egg-info to /home/luisf/robot2_ws/install/pub_sub_custom/lib/python3.8/site-packages/pub_sub_custom-0.0.0-py3.8.egg-info
[2.680s] running install_scripts
[2.710s] Installing publisher_custom script to /home/luisf/robot2_ws/install/pub_sub_custom/lib/pub_sub_custom
[2.710s] writing list of installed files to '/home/luisf/robot2_ws/build/pub_sub_custom/install.log'
[2.746s] Invoked command in '/home/luisf/robot2_ws/src/pub_sub_custom' returned '0': CMAKE_PREFIX_PATH=/home/luisf/robot2_ws/install/custom_msg:/home/luisf/robot2_ws/install/publisher_subscriber_custom_msg:/home/luisf/robot2_ws/install/program1:/home/luisf/robot2_ws/install/node1:/home/luisf/robot2_ws/install/my_package:/home/luisf/robot2_ws/install/cpp_publisher_subscriber PYTHONPATH=/home/luisf/robot2_ws/build/pub_sub_custom/prefix_override:/home/luisf/robot2_ws/install/pub_sub_custom/lib/python3.8/site-packages:/home/luisf/robot2_ws/install/custom_msg/lib/python3.8/site-packages:/home/luisf/robot2_ws/build/publisher_subscriber_r:/home/luisf/robot2_ws/install/publisher_subscriber_r/lib/python3.8/site-packages:/home/luisf/robot2_ws/build/program2:/home/luisf/robot2_ws/install/program2/lib/python3.8/site-packages:/opt/ros/foxy/lib/python3.8/site-packages /usr/bin/python3 setup.py egg_info --egg-base ../../build/pub_sub_custom build --build-base /home/luisf/robot2_ws/build/pub_sub_custom/build install --record /home/luisf/robot2_ws/build/pub_sub_custom/install.log --install-scripts $base/lib/pub_sub_custom --single-version-externally-managed
