[1.283s] Invoking command in '/home/luisf/robot2_ws/src/pub_sub_custom': CMAKE_PREFIX_PATH=/home/luisf/robot2_ws/install/custom_msg:/home/luisf/robot2_ws/install/publisher_subscriber_custom_msg:/home/luisf/robot2_ws/install/program1:/home/luisf/robot2_ws/install/node1:/home/luisf/robot2_ws/install/my_package:/home/luisf/robot2_ws/install/cpp_publisher_subscriber PYTHONPATH=/home/luisf/robot2_ws/build/pub_sub_custom/prefix_override:/home/luisf/robot2_ws/install/pub_sub_custom/lib/python3.8/site-packages:/home/luisf/robot2_ws/install/custom_msg/lib/python3.8/site-packages:/home/luisf/robot2_ws/install/pub_sub_custom/lib/python3.8/site-packages:/home/luisf/robot2_ws/build/publisher_subscriber_r:/home/luisf/robot2_ws/install/publisher_subscriber_r/lib/python3.8/site-packages:/home/luisf/robot2_ws/build/program2:/home/luisf/robot2_ws/install/program2/lib/python3.8/site-packages:/opt/ros/foxy/lib/python3.8/site-packages /usr/bin/python3 setup.py egg_info --egg-base ../../build/pub_sub_custom build --build-base /home/luisf/robot2_ws/build/pub_sub_custom/build install --record /home/luisf/robot2_ws/build/pub_sub_custom/install.log --install-scripts $base/lib/pub_sub_custom --single-version-externally-managed
[1.716s] running egg_info
[1.717s] writing ../../build/pub_sub_custom/pub_sub_custom.egg-info/PKG-INFO
[1.717s] writing dependency_links to ../../build/pub_sub_custom/pub_sub_custom.egg-info/dependency_links.txt
[1.718s] writing entry points to ../../build/pub_sub_custom/pub_sub_custom.egg-info/entry_points.txt
[1.718s] writing requirements to ../../build/pub_sub_custom/pub_sub_custom.egg-info/requires.txt
[1.718s] writing top-level names to ../../build/pub_sub_custom/pub_sub_custom.egg-info/top_level.txt
[1.782s] reading manifest file '../../build/pub_sub_custom/pub_sub_custom.egg-info/SOURCES.txt'
[1.784s] writing manifest file '../../build/pub_sub_custom/pub_sub_custom.egg-info/SOURCES.txt'
[1.784s] running build
[1.785s] running build_py
[1.785s] copying pub_sub_custom/sub_custom.py -> /home/luisf/robot2_ws/build/pub_sub_custom/build/lib/pub_sub_custom
[1.785s] running install
[1.786s] running install_lib
[1.790s] copying /home/luisf/robot2_ws/build/pub_sub_custom/build/lib/pub_sub_custom/sub_custom.py -> /home/luisf/robot2_ws/install/pub_sub_custom/lib/python3.8/site-packages/pub_sub_custom
[1.791s] byte-compiling /home/luisf/robot2_ws/install/pub_sub_custom/lib/python3.8/site-packages/pub_sub_custom/sub_custom.py to sub_custom.cpython-38.pyc
[1.794s] running install_data
[1.795s] running install_egg_info
[1.798s] removing '/home/luisf/robot2_ws/install/pub_sub_custom/lib/python3.8/site-packages/pub_sub_custom-0.0.0-py3.8.egg-info' (and everything under it)
[1.798s] Copying ../../build/pub_sub_custom/pub_sub_custom.egg-info to /home/luisf/robot2_ws/install/pub_sub_custom/lib/python3.8/site-packages/pub_sub_custom-0.0.0-py3.8.egg-info
[1.800s] running install_scripts
[1.833s] Installing publisher_custom = pub_sub_custom.pub_custom:mainsubscriber_custom script to /home/luisf/robot2_ws/install/pub_sub_custom/lib/pub_sub_custom
[1.834s] writing list of installed files to '/home/luisf/robot2_ws/build/pub_sub_custom/install.log'
[1.871s] Invoked command in '/home/luisf/robot2_ws/src/pub_sub_custom' returned '0': CMAKE_PREFIX_PATH=/home/luisf/robot2_ws/install/custom_msg:/home/luisf/robot2_ws/install/publisher_subscriber_custom_msg:/home/luisf/robot2_ws/install/program1:/home/luisf/robot2_ws/install/node1:/home/luisf/robot2_ws/install/my_package:/home/luisf/robot2_ws/install/cpp_publisher_subscriber PYTHONPATH=/home/luisf/robot2_ws/build/pub_sub_custom/prefix_override:/home/luisf/robot2_ws/install/pub_sub_custom/lib/python3.8/site-packages:/home/luisf/robot2_ws/install/custom_msg/lib/python3.8/site-packages:/home/luisf/robot2_ws/install/pub_sub_custom/lib/python3.8/site-packages:/home/luisf/robot2_ws/build/publisher_subscriber_r:/home/luisf/robot2_ws/install/publisher_subscriber_r/lib/python3.8/site-packages:/home/luisf/robot2_ws/build/program2:/home/luisf/robot2_ws/install/program2/lib/python3.8/site-packages:/opt/ros/foxy/lib/python3.8/site-packages /usr/bin/python3 setup.py egg_info --egg-base ../../build/pub_sub_custom build --build-base /home/luisf/robot2_ws/build/pub_sub_custom/build install --record /home/luisf/robot2_ws/build/pub_sub_custom/install.log --install-scripts $base/lib/pub_sub_custom --single-version-externally-managed
