running egg_info
writing ../../build/pub_sub_custom/pub_sub_custom.egg-info/PKG-INFO
writing dependency_links to ../../build/pub_sub_custom/pub_sub_custom.egg-info/dependency_links.txt
writing entry points to ../../build/pub_sub_custom/pub_sub_custom.egg-info/entry_points.txt
writing requirements to ../../build/pub_sub_custom/pub_sub_custom.egg-info/requires.txt
writing top-level names to ../../build/pub_sub_custom/pub_sub_custom.egg-info/top_level.txt
reading manifest file '../../build/pub_sub_custom/pub_sub_custom.egg-info/SOURCES.txt'
writing manifest file '../../build/pub_sub_custom/pub_sub_custom.egg-info/SOURCES.txt'
running build
running build_py
running install
running install_lib
running install_data
running install_egg_info
removing '/home/luisf/robot2_ws/install/pub_sub_custom/lib/python3.8/site-packages/pub_sub_custom-0.0.0-py3.8.egg-info' (and everything under it)
Copying ../../build/pub_sub_custom/pub_sub_custom.egg-info to /home/luisf/robot2_ws/install/pub_sub_custom/lib/python3.8/site-packages/pub_sub_custom-0.0.0-py3.8.egg-info
running install_scripts
Installing publisher_custom script to /home/luisf/robot2_ws/install/pub_sub_custom/lib/pub_sub_custom
Installing subscriber_custom script to /home/luisf/robot2_ws/install/pub_sub_custom/lib/pub_sub_custom
writing list of installed files to '/home/luisf/robot2_ws/build/pub_sub_custom/install.log'
