[0.042s] Invoking command in '/home/luisf/robot2_ws/build/custom_msg': CMAKE_PREFIX_PATH=${CMAKE_PREFIX_PATH}:/home/luisf/robot2_ws/install/pub_sub_custom:/home/luisf/robot2_ws/install/publisher_subscriber_r:/home/luisf/robot2_ws/install/program2:/opt/ros/foxy /usr/bin/cmake --build /home/luisf/robot2_ws/build/custom_msg -- -j4 -l4
[0.096s] -- Found ament_cmake: 0.9.12 (/opt/ros/foxy/share/ament_cmake/cmake)
[0.157s] -- Found PythonInterp: /usr/bin/python3 (found suitable version "3.8.10", minimum required is "3") 
[0.157s] -- Using PYTHON_EXECUTABLE: /usr/bin/python3
[0.536s] -- Override CMake install command with custom implementation using symlinks instead of copying resources
[0.553s] -- Found rclcpp: 2.4.3 (/opt/ros/foxy/share/rclcpp/cmake)
[0.623s] -- Using all available rosidl_typesupport_c: rosidl_typesupport_fastrtps_c;rosidl_typesupport_introspection_c
[0.630s] -- Found rosidl_adapter: 1.3.1 (/opt/ros/foxy/share/rosidl_adapter/cmake)
[0.865s] -- Using all available rosidl_typesupport_cpp: rosidl_typesupport_fastrtps_cpp;rosidl_typesupport_introspection_cpp
[0.963s] -- Found rmw_implementation_cmake: 1.0.4 (/opt/ros/foxy/share/rmw_implementation_cmake/cmake)
[0.966s] -- Using RMW implementation 'rmw_fastrtps_cpp' as default
[1.235s] -- Found geometry_msgs: 2.0.5 (/opt/ros/foxy/share/geometry_msgs/cmake)
[1.299s] -- Found rosidl_default_generators: 1.0.1 (/opt/ros/foxy/share/rosidl_default_generators/cmake)
[1.318s] -- Found ament_lint_auto: 0.9.8 (/opt/ros/foxy/share/ament_lint_auto/cmake)
[1.497s] -- Found PythonInterp: /usr/bin/python3 (found version "3.8.10") 
[1.858s] CMake Error at /opt/ros/foxy/share/rosidl_adapter/cmake/rosidl_adapt_interfaces.cmake:60 (message):
[1.859s]   execute_process(/usr/bin/python3 -m rosidl_adapter --package-name
[1.859s]   custom_msg --arguments-file
[1.859s]   /home/luisf/robot2_ws/build/custom_msg/rosidl_adapter__arguments__custom_msg.json
[1.859s]   --output-dir
[1.859s]   /home/luisf/robot2_ws/build/custom_msg/rosidl_adapter/custom_msg
[1.860s]   --output-file
[1.860s]   /home/luisf/robot2_ws/build/custom_msg/rosidl_adapter/custom_msg.idls)
[1.860s]   returned error code 1:
[1.860s] 
[1.860s]   Traceback (most recent call last):
[1.861s] 
[1.861s]     File "/usr/lib/python3.8/runpy.py", line 194, in _run_module_as_main
[1.861s]       return _run_code(code, main_globals, None,
[1.861s]     File "/usr/lib/python3.8/runpy.py", line 87, in _run_code
[1.861s]       exec(code, run_globals)
[1.862s]     File "/opt/ros/foxy/lib/python3.8/site-packages/rosidl_adapter/__main__.py", line 19, in <module>
[1.862s]       sys.exit(main())
[1.862s]     File "/opt/ros/foxy/lib/python3.8/site-packages/rosidl_adapter/main.py", line 53, in main
[1.862s]       abs_idl_file = convert_to_idl(
[1.862s]     File "/opt/ros/foxy/lib/python3.8/site-packages/rosidl_adapter/__init__.py", line 24, in convert_to_idl
[1.863s]       return convert_srv_to_idl(
[1.863s]     File "/opt/ros/foxy/lib/python3.8/site-packages/rosidl_adapter/srv/__init__.py", line 28, in convert_srv_to_idl
[1.863s]       srv = parse_service_string(package_name, input_file.stem, content)
[1.864s]     File "/opt/ros/foxy/lib/python3.8/site-packages/rosidl_adapter/parser.py", line 843, in parse_service_string
[1.864s]       raise InvalidServiceSpecification(
[1.864s] 
[1.865s]   rosidl_adapter.parser.InvalidServiceSpecification: Could not find separator
[1.865s]   '---' between request and response
[1.865s] 
[1.865s] Call Stack (most recent call first):
[1.866s]   /opt/ros/foxy/share/rosidl_cmake/cmake/rosidl_generate_interfaces.cmake:130 (rosidl_adapt_interfaces)
[1.866s]   CMakeLists.txt:39 (rosidl_generate_interfaces)
[1.866s] 
[1.867s] 
[1.867s] -- Configuring incomplete, errors occurred!
[1.867s] See also "/home/luisf/robot2_ws/build/custom_msg/CMakeFiles/CMakeOutput.log".
[1.868s] See also "/home/luisf/robot2_ws/build/custom_msg/CMakeFiles/CMakeError.log".
[1.879s] make: *** [Makefile:988: cmake_check_build_system] Error 1
[1.881s] Invoked command in '/home/luisf/robot2_ws/build/custom_msg' returned '2': CMAKE_PREFIX_PATH=${CMAKE_PREFIX_PATH}:/home/luisf/robot2_ws/install/pub_sub_custom:/home/luisf/robot2_ws/install/publisher_subscriber_r:/home/luisf/robot2_ws/install/program2:/opt/ros/foxy /usr/bin/cmake --build /home/luisf/robot2_ws/build/custom_msg -- -j4 -l4
