[0.041s] Invoking command in '/home/luisf/robot2_ws/build/custom_msg': CMAKE_PREFIX_PATH=${CMAKE_PREFIX_PATH}:/home/luisf/robot2_ws/install/pub_sub_custom:/home/luisf/robot2_ws/install/publisher_subscriber_r:/home/luisf/robot2_ws/install/program2:/opt/ros/foxy /usr/bin/cmake --build /home/luisf/robot2_ws/build/custom_msg -- -j4 -l4
[0.095s] -- Found ament_cmake: 0.9.12 (/opt/ros/foxy/share/ament_cmake/cmake)
[0.155s] -- Found PythonInterp: /usr/bin/python3 (found suitable version "3.8.10", minimum required is "3") 
[0.155s] -- Using PYTHON_EXECUTABLE: /usr/bin/python3
[0.517s] -- Override CMake install command with custom implementation using symlinks instead of copying resources
[0.531s] -- Found rclcpp: 2.4.3 (/opt/ros/foxy/share/rclcpp/cmake)
[0.595s] -- Using all available rosidl_typesupport_c: rosidl_typesupport_fastrtps_c;rosidl_typesupport_introspection_c
[0.602s] -- Found rosidl_adapter: 1.3.1 (/opt/ros/foxy/share/rosidl_adapter/cmake)
[0.832s] -- Using all available rosidl_typesupport_cpp: rosidl_typesupport_fastrtps_cpp;rosidl_typesupport_introspection_cpp
[0.928s] -- Found rmw_implementation_cmake: 1.0.4 (/opt/ros/foxy/share/rmw_implementation_cmake/cmake)
[0.933s] -- Using RMW implementation 'rmw_fastrtps_cpp' as default
[1.205s] -- Found geometry_msgs: 2.0.5 (/opt/ros/foxy/share/geometry_msgs/cmake)
[1.267s] -- Found rosidl_default_generators: 1.0.1 (/opt/ros/foxy/share/rosidl_default_generators/cmake)
[1.287s] -- Found ament_lint_auto: 0.9.8 (/opt/ros/foxy/share/ament_lint_auto/cmake)
[1.466s] -- Found PythonInterp: /usr/bin/python3 (found version "3.8.10") 
[1.728s] -- Found ament_cmake_ros: 0.9.2 (/opt/ros/foxy/share/ament_cmake_ros/cmake)
[2.200s] -- Using all available rosidl_typesupport_c: rosidl_typesupport_fastrtps_c;rosidl_typesupport_introspection_c
[2.417s] -- Using all available rosidl_typesupport_cpp: rosidl_typesupport_fastrtps_cpp;rosidl_typesupport_introspection_cpp
[2.481s] -- Found PythonInterp: /usr/bin/python3 (found suitable version "3.8.10", minimum required is "3.5") 
[2.482s] -- Found python_cmake_module: 0.8.1 (/opt/ros/foxy/share/python_cmake_module/cmake)
[2.541s] -- Using PYTHON_EXECUTABLE: /usr/bin/python3
[2.542s] -- Using PYTHON_INCLUDE_DIRS: /usr/include/python3.8
[2.542s] -- Using PYTHON_LIBRARIES: /usr/lib/x86_64-linux-gnu/libpython3.8.so
[2.666s] -- Added test 'copyright' to check source files copyright and LICENSE
[2.669s] -- Added test 'lint_cmake' to check CMake code style
[2.671s] -- Added test 'xmllint' to check XML markup files
[2.685s] -- Configuring done
[2.849s] -- Generating done
[2.856s] -- Build files have been written to: /home/luisf/robot2_ws/build/custom_msg
[2.905s] [35m[1mScanning dependencies of target custom_msg__cpp[0m
[2.906s] [  2%] [34m[1mGenerating C code for ROS interfaces[0m
[2.928s] [  4%] [34m[1mGenerating C++ code for ROS interfaces[0m
[3.700s] [35m[1mScanning dependencies of target custom_msg__rosidl_generator_c[0m
[3.733s] [  6%] [32mBuilding C object CMakeFiles/custom_msg__rosidl_generator_c.dir/rosidl_generator_c/custom_msg/srv/detail/set_led__functions.c.o[0m
[3.792s] [ 10%] [32mBuilding C object CMakeFiles/custom_msg__rosidl_generator_c.dir/rosidl_generator_c/custom_msg/msg/detail/target_coordinates__functions.c.o[0m
[3.794s] [ 10%] [32mBuilding C object CMakeFiles/custom_msg__rosidl_generator_c.dir/rosidl_generator_c/custom_msg/msg/detail/log_tf__functions.c.o[0m
[3.799s] [ 10%] Built target custom_msg__cpp
[3.828s] [ 12%] [34m[1mGenerating C++ type support dispatch for ROS interfaces[0m
[3.913s] [ 14%] [34m[1mGenerating C++ type support for eProsima Fast-RTPS[0m
[3.931s] [ 17%] [32m[1mLinking C shared library libcustom_msg__rosidl_generator_c.so[0m
[3.933s] [ 19%] [34m[1mGenerating C++ introspection for ROS interfaces[0m
[4.054s] [ 19%] Built target custom_msg__rosidl_generator_c
[4.084s] [ 21%] [34m[1mGenerating C type support dispatch for ROS interfaces[0m
[4.823s] [35m[1mScanning dependencies of target custom_msg__rosidl_typesupport_cpp[0m
[4.857s] [ 23%] [32mBuilding CXX object CMakeFiles/custom_msg__rosidl_typesupport_cpp.dir/rosidl_typesupport_cpp/custom_msg/srv/set_led__type_support.cpp.o[0m
[5.059s] [35m[1mScanning dependencies of target custom_msg__rosidl_typesupport_c[0m
[5.079s] [35m[1mScanning dependencies of target custom_msg__rosidl_typesupport_introspection_cpp[0m
[5.112s] [ 25%] [32mBuilding CXX object CMakeFiles/custom_msg__rosidl_typesupport_c.dir/rosidl_typesupport_c/custom_msg/srv/set_led__type_support.cpp.o[0m
[5.116s] [35m[1mScanning dependencies of target custom_msg__rosidl_typesupport_fastrtps_cpp[0m
[5.123s] [ 27%] [32mBuilding CXX object CMakeFiles/custom_msg__rosidl_typesupport_introspection_cpp.dir/rosidl_typesupport_introspection_cpp/custom_msg/srv/detail/set_led__type_support.cpp.o[0m
[5.210s] [ 29%] [32mBuilding CXX object CMakeFiles/custom_msg__rosidl_typesupport_c.dir/rosidl_typesupport_c/custom_msg/msg/log_tf__type_support.cpp.o[0m
[5.231s] [ 31%] [32mBuilding CXX object CMakeFiles/custom_msg__rosidl_typesupport_fastrtps_cpp.dir/rosidl_typesupport_fastrtps_cpp/custom_msg/srv/detail/dds_fastrtps/set_led__type_support.cpp.o[0m
[5.304s] [ 34%] [32mBuilding CXX object CMakeFiles/custom_msg__rosidl_typesupport_c.dir/rosidl_typesupport_c/custom_msg/msg/target_coordinates__type_support.cpp.o[0m
[5.390s] [ 36%] [32m[1mLinking CXX shared library libcustom_msg__rosidl_typesupport_c.so[0m
[5.512s] [ 36%] Built target custom_msg__rosidl_typesupport_c
[5.539s] [ 38%] [32mBuilding CXX object CMakeFiles/custom_msg__rosidl_typesupport_introspection_cpp.dir/rosidl_typesupport_introspection_cpp/custom_msg/msg/detail/log_tf__type_support.cpp.o[0m
[5.707s] [ 40%] [32mBuilding CXX object CMakeFiles/custom_msg__rosidl_typesupport_cpp.dir/rosidl_typesupport_cpp/custom_msg/msg/log_tf__type_support.cpp.o[0m
[6.017s] [ 42%] [34m[1mGenerating C introspection for ROS interfaces[0m
[6.468s] [ 44%] [32mBuilding CXX object CMakeFiles/custom_msg__rosidl_typesupport_introspection_cpp.dir/rosidl_typesupport_introspection_cpp/custom_msg/msg/detail/target_coordinates__type_support.cpp.o[0m
[6.586s] [ 46%] [32mBuilding CXX object CMakeFiles/custom_msg__rosidl_typesupport_fastrtps_cpp.dir/rosidl_typesupport_fastrtps_cpp/custom_msg/msg/detail/dds_fastrtps/log_tf__type_support.cpp.o[0m
[6.639s] [ 48%] [32mBuilding CXX object CMakeFiles/custom_msg__rosidl_typesupport_cpp.dir/rosidl_typesupport_cpp/custom_msg/msg/target_coordinates__type_support.cpp.o[0m
[7.239s] [35m[1mScanning dependencies of target custom_msg__rosidl_typesupport_introspection_c[0m
[7.378s] [ 51%] [32mBuilding C object CMakeFiles/custom_msg__rosidl_typesupport_introspection_c.dir/rosidl_typesupport_introspection_c/custom_msg/srv/detail/set_led__type_support.c.o[0m
[7.388s] [ 53%] [32m[1mLinking CXX shared library libcustom_msg__rosidl_typesupport_introspection_cpp.so[0m
[7.491s] [ 55%] [32mBuilding C object CMakeFiles/custom_msg__rosidl_typesupport_introspection_c.dir/rosidl_typesupport_introspection_c/custom_msg/msg/detail/log_tf__type_support.c.o[0m
[7.585s] [ 57%] [32m[1mLinking CXX shared library libcustom_msg__rosidl_typesupport_cpp.so[0m
[7.592s] [ 59%] [32mBuilding C object CMakeFiles/custom_msg__rosidl_typesupport_introspection_c.dir/rosidl_typesupport_introspection_c/custom_msg/msg/detail/target_coordinates__type_support.c.o[0m
[7.611s] [ 59%] Built target custom_msg__rosidl_typesupport_introspection_cpp
[7.649s] [ 61%] [32mBuilding CXX object CMakeFiles/custom_msg__rosidl_typesupport_fastrtps_cpp.dir/rosidl_typesupport_fastrtps_cpp/custom_msg/msg/detail/dds_fastrtps/target_coordinates__type_support.cpp.o[0m
[7.687s] [ 63%] [32m[1mLinking C shared library libcustom_msg__rosidl_typesupport_introspection_c.so[0m
[7.716s] [ 63%] Built target custom_msg__rosidl_typesupport_cpp
[7.760s] [ 63%] Built target custom_msg__rosidl_typesupport_introspection_c
[8.477s] [ 65%] [32m[1mLinking CXX shared library libcustom_msg__rosidl_typesupport_fastrtps_cpp.so[0m
[8.650s] [ 65%] Built target custom_msg__rosidl_typesupport_fastrtps_cpp
[8.672s] [ 68%] [34m[1mGenerating C type support for eProsima Fast-RTPS[0m
[9.320s] [35m[1mScanning dependencies of target custom_msg__rosidl_typesupport_fastrtps_c[0m
[9.360s] [ 70%] [32mBuilding CXX object CMakeFiles/custom_msg__rosidl_typesupport_fastrtps_c.dir/rosidl_typesupport_fastrtps_c/custom_msg/msg/detail/log_tf__type_support_c.cpp.o[0m
[9.364s] [ 72%] [32mBuilding CXX object CMakeFiles/custom_msg__rosidl_typesupport_fastrtps_c.dir/rosidl_typesupport_fastrtps_c/custom_msg/srv/detail/set_led__type_support_c.cpp.o[0m
[9.364s] [ 74%] [32mBuilding CXX object CMakeFiles/custom_msg__rosidl_typesupport_fastrtps_c.dir/rosidl_typesupport_fastrtps_c/custom_msg/msg/detail/target_coordinates__type_support_c.cpp.o[0m
[10.399s] [ 76%] [32m[1mLinking CXX shared library libcustom_msg__rosidl_typesupport_fastrtps_c.so[0m
[10.574s] [ 76%] Built target custom_msg__rosidl_typesupport_fastrtps_c
[10.615s] [ 76%] Built target custom_msg
[10.637s] [35m[1mScanning dependencies of target custom_msg__py[0m
[10.657s] [ 78%] [34m[1mGenerating Python code for ROS interfaces[0m
[11.908s] [ 78%] Built target custom_msg__py
[11.930s] [35m[1mScanning dependencies of target custom_msg__python[0m
[11.967s] [ 80%] [32mBuilding C object CMakeFiles/custom_msg__python.dir/rosidl_generator_py/custom_msg/srv/_set_led_s.c.o[0m
[11.968s] [ 85%] [32mBuilding C object CMakeFiles/custom_msg__python.dir/rosidl_generator_py/custom_msg/msg/_log_tf_s.c.o[0m
[11.968s] [ 85%] [32mBuilding C object CMakeFiles/custom_msg__python.dir/rosidl_generator_py/custom_msg/msg/_target_coordinates_s.c.o[0m
[12.210s] [ 87%] [32m[1mLinking C shared library rosidl_generator_py/custom_msg/libcustom_msg__python.so[0m
[12.310s] [ 87%] Built target custom_msg__python
[12.330s] [35m[1mScanning dependencies of target custom_msg__rosidl_typesupport_introspection_c__pyext[0m
[12.337s] [35m[1mScanning dependencies of target custom_msg__rosidl_typesupport_c__pyext[0m
[12.337s] [35m[1mScanning dependencies of target custom_msg__rosidl_typesupport_fastrtps_c__pyext[0m
[12.362s] [ 89%] [32mBuilding C object CMakeFiles/custom_msg__rosidl_typesupport_introspection_c__pyext.dir/rosidl_generator_py/custom_msg/_custom_msg_s.ep.rosidl_typesupport_introspection_c.c.o[0m
[12.377s] [ 91%] [32mBuilding C object CMakeFiles/custom_msg__rosidl_typesupport_c__pyext.dir/rosidl_generator_py/custom_msg/_custom_msg_s.ep.rosidl_typesupport_c.c.o[0m
[12.389s] [ 93%] [32mBuilding C object CMakeFiles/custom_msg__rosidl_typesupport_fastrtps_c__pyext.dir/rosidl_generator_py/custom_msg/_custom_msg_s.ep.rosidl_typesupport_fastrtps_c.c.o[0m
[12.566s] [ 95%] [32m[1mLinking C shared library rosidl_generator_py/custom_msg/custom_msg_s__rosidl_typesupport_introspection_c.cpython-38-x86_64-linux-gnu.so[0m
[12.593s] [ 97%] [32m[1mLinking C shared library rosidl_generator_py/custom_msg/custom_msg_s__rosidl_typesupport_c.cpython-38-x86_64-linux-gnu.so[0m
[12.636s] [100%] [32m[1mLinking CXX shared library rosidl_generator_py/custom_msg/custom_msg_s__rosidl_typesupport_fastrtps_c.cpython-38-x86_64-linux-gnu.so[0m
[12.666s] [100%] Built target custom_msg__rosidl_typesupport_introspection_c__pyext
[12.684s] [100%] Built target custom_msg__rosidl_typesupport_c__pyext
[12.779s] [100%] Built target custom_msg__rosidl_typesupport_fastrtps_c__pyext
[12.801s] Invoked command in '/home/luisf/robot2_ws/build/custom_msg' returned '0': CMAKE_PREFIX_PATH=${CMAKE_PREFIX_PATH}:/home/luisf/robot2_ws/install/pub_sub_custom:/home/luisf/robot2_ws/install/publisher_subscriber_r:/home/luisf/robot2_ws/install/program2:/opt/ros/foxy /usr/bin/cmake --build /home/luisf/robot2_ws/build/custom_msg -- -j4 -l4
[12.974s] Invoking command in '/home/luisf/robot2_ws/build/custom_msg': CMAKE_PREFIX_PATH=${CMAKE_PREFIX_PATH}:/home/luisf/robot2_ws/install/pub_sub_custom:/home/luisf/robot2_ws/install/publisher_subscriber_r:/home/luisf/robot2_ws/install/program2:/opt/ros/foxy /usr/bin/cmake --install /home/luisf/robot2_ws/build/custom_msg
[12.990s] -- Install configuration: ""
[12.992s] -- Execute custom install script
[12.993s] -- Up-to-date symlink: /home/luisf/robot2_ws/install/custom_msg/share/ament_index/resource_index/rosidl_interfaces/custom_msg
[12.995s] -- Up-to-date symlink: /home/luisf/robot2_ws/install/custom_msg/include/custom_msg/msg/detail/log_tf__functions.h
[12.995s] -- Up-to-date symlink: /home/luisf/robot2_ws/install/custom_msg/include/custom_msg/msg/detail/log_tf__struct.h
[12.996s] -- Up-to-date symlink: /home/luisf/robot2_ws/install/custom_msg/include/custom_msg/msg/detail/log_tf__type_support.h
[12.996s] -- Up-to-date symlink: /home/luisf/robot2_ws/install/custom_msg/include/custom_msg/msg/detail/target_coordinates__functions.h
[12.996s] -- Up-to-date symlink: /home/luisf/robot2_ws/install/custom_msg/include/custom_msg/msg/detail/target_coordinates__struct.h
[12.997s] -- Up-to-date symlink: /home/luisf/robot2_ws/install/custom_msg/include/custom_msg/msg/detail/target_coordinates__type_support.h
[12.997s] -- Up-to-date symlink: /home/luisf/robot2_ws/install/custom_msg/include/custom_msg/msg/log_tf.h
[12.997s] -- Up-to-date symlink: /home/luisf/robot2_ws/install/custom_msg/include/custom_msg/msg/rosidl_generator_c__visibility_control.h
[12.998s] -- Up-to-date symlink: /home/luisf/robot2_ws/install/custom_msg/include/custom_msg/msg/target_coordinates.h
[12.998s] -- Symlinking: /home/luisf/robot2_ws/install/custom_msg/include/custom_msg/srv/detail/set_led__functions.h
[13.016s] -- Symlinking: /home/luisf/robot2_ws/install/custom_msg/include/custom_msg/srv/detail/set_led__struct.h
[13.031s] -- Symlinking: /home/luisf/robot2_ws/install/custom_msg/include/custom_msg/srv/detail/set_led__type_support.h
[13.049s] -- Symlinking: /home/luisf/robot2_ws/install/custom_msg/include/custom_msg/srv/set_led.h
[13.070s] -- Up-to-date symlink: /home/luisf/robot2_ws/install/custom_msg/share/custom_msg/environment/library_path.sh
[13.071s] -- Up-to-date symlink: /home/luisf/robot2_ws/install/custom_msg/share/custom_msg/environment/library_path.dsv
[13.072s] -- Up-to-date symlink: /home/luisf/robot2_ws/install/custom_msg/include/custom_msg/msg/detail/log_tf__rosidl_typesupport_fastrtps_c.h
[13.073s] -- Up-to-date symlink: /home/luisf/robot2_ws/install/custom_msg/include/custom_msg/msg/detail/target_coordinates__rosidl_typesupport_fastrtps_c.h
[13.073s] -- Up-to-date symlink: /home/luisf/robot2_ws/install/custom_msg/include/custom_msg/msg/rosidl_typesupport_fastrtps_c__visibility_control.h
[13.074s] -- Symlinking: /home/luisf/robot2_ws/install/custom_msg/include/custom_msg/srv/detail/set_led__rosidl_typesupport_fastrtps_c.h
[13.093s] -- Up-to-date symlink: /home/luisf/robot2_ws/install/custom_msg/lib/libcustom_msg__rosidl_typesupport_fastrtps_c.so
[13.094s] -- Up-to-date symlink: /home/luisf/robot2_ws/install/custom_msg/include/custom_msg/msg/detail/log_tf__rosidl_typesupport_fastrtps_cpp.hpp
[13.095s] -- Up-to-date symlink: /home/luisf/robot2_ws/install/custom_msg/include/custom_msg/msg/detail/target_coordinates__rosidl_typesupport_fastrtps_cpp.hpp
[13.095s] -- Up-to-date symlink: /home/luisf/robot2_ws/install/custom_msg/include/custom_msg/msg/rosidl_typesupport_fastrtps_cpp__visibility_control.h
[13.095s] -- Symlinking: /home/luisf/robot2_ws/install/custom_msg/include/custom_msg/srv/detail/set_led__rosidl_typesupport_fastrtps_cpp.hpp
[13.115s] -- Up-to-date symlink: /home/luisf/robot2_ws/install/custom_msg/lib/libcustom_msg__rosidl_typesupport_fastrtps_cpp.so
[13.116s] -- Up-to-date symlink: /home/luisf/robot2_ws/install/custom_msg/include/custom_msg/msg/detail/log_tf__rosidl_typesupport_introspection_c.h
[13.116s] -- Up-to-date symlink: /home/luisf/robot2_ws/install/custom_msg/include/custom_msg/msg/detail/target_coordinates__rosidl_typesupport_introspection_c.h
[13.116s] -- Up-to-date symlink: /home/luisf/robot2_ws/install/custom_msg/include/custom_msg/msg/rosidl_typesupport_introspection_c__visibility_control.h
[13.117s] -- Symlinking: /home/luisf/robot2_ws/install/custom_msg/include/custom_msg/srv/detail/set_led__rosidl_typesupport_introspection_c.h
[13.135s] -- Up-to-date symlink: /home/luisf/robot2_ws/install/custom_msg/include/custom_msg/msg/detail/log_tf__builder.hpp
[13.135s] -- Up-to-date symlink: /home/luisf/robot2_ws/install/custom_msg/include/custom_msg/msg/detail/log_tf__struct.hpp
[13.135s] -- Up-to-date symlink: /home/luisf/robot2_ws/install/custom_msg/include/custom_msg/msg/detail/log_tf__traits.hpp
[13.136s] -- Up-to-date symlink: /home/luisf/robot2_ws/install/custom_msg/include/custom_msg/msg/detail/log_tf__type_support.hpp
[13.136s] -- Up-to-date symlink: /home/luisf/robot2_ws/install/custom_msg/include/custom_msg/msg/detail/target_coordinates__builder.hpp
[13.136s] -- Up-to-date symlink: /home/luisf/robot2_ws/install/custom_msg/include/custom_msg/msg/detail/target_coordinates__struct.hpp
[13.137s] -- Up-to-date symlink: /home/luisf/robot2_ws/install/custom_msg/include/custom_msg/msg/detail/target_coordinates__traits.hpp
[13.137s] -- Up-to-date symlink: /home/luisf/robot2_ws/install/custom_msg/include/custom_msg/msg/detail/target_coordinates__type_support.hpp
[13.137s] -- Up-to-date symlink: /home/luisf/robot2_ws/install/custom_msg/include/custom_msg/msg/log_tf.hpp
[13.138s] -- Up-to-date symlink: /home/luisf/robot2_ws/install/custom_msg/include/custom_msg/msg/rosidl_generator_cpp__visibility_control.hpp
[13.138s] -- Up-to-date symlink: /home/luisf/robot2_ws/install/custom_msg/include/custom_msg/msg/target_coordinates.hpp
[13.139s] -- Symlinking: /home/luisf/robot2_ws/install/custom_msg/include/custom_msg/srv/detail/set_led__builder.hpp
[13.158s] -- Symlinking: /home/luisf/robot2_ws/install/custom_msg/include/custom_msg/srv/detail/set_led__struct.hpp
[13.173s] -- Symlinking: /home/luisf/robot2_ws/install/custom_msg/include/custom_msg/srv/detail/set_led__traits.hpp
[13.189s] -- Symlinking: /home/luisf/robot2_ws/install/custom_msg/include/custom_msg/srv/detail/set_led__type_support.hpp
[13.207s] -- Symlinking: /home/luisf/robot2_ws/install/custom_msg/include/custom_msg/srv/set_led.hpp
[13.225s] -- Up-to-date symlink: /home/luisf/robot2_ws/install/custom_msg/include/custom_msg/msg/detail/log_tf__rosidl_typesupport_introspection_cpp.hpp
[13.226s] -- Up-to-date symlink: /home/luisf/robot2_ws/install/custom_msg/include/custom_msg/msg/detail/target_coordinates__rosidl_typesupport_introspection_cpp.hpp
[13.226s] -- Symlinking: /home/luisf/robot2_ws/install/custom_msg/include/custom_msg/srv/detail/set_led__rosidl_typesupport_introspection_cpp.hpp
[13.245s] -- Up-to-date symlink: /home/luisf/robot2_ws/install/custom_msg/share/custom_msg/environment/pythonpath.sh
[13.245s] -- Up-to-date symlink: /home/luisf/robot2_ws/install/custom_msg/share/custom_msg/environment/pythonpath.dsv
[13.246s] -- Up-to-date symlink: /home/luisf/robot2_ws/install/custom_msg/lib/python3.8/site-packages/custom_msg/__init__.py
[13.247s] -- Symlinking: /home/luisf/robot2_ws/install/custom_msg/lib/python3.8/site-packages/custom_msg/srv/__init__.py
[13.266s] -- Symlinking: /home/luisf/robot2_ws/install/custom_msg/lib/python3.8/site-packages/custom_msg/srv/_set_led.py
[13.287s] -- Up-to-date symlink: /home/luisf/robot2_ws/install/custom_msg/lib/python3.8/site-packages/custom_msg/msg/__init__.py
[13.287s] -- Up-to-date symlink: /home/luisf/robot2_ws/install/custom_msg/lib/python3.8/site-packages/custom_msg/msg/_log_tf.py
[13.288s] -- Up-to-date symlink: /home/luisf/robot2_ws/install/custom_msg/lib/python3.8/site-packages/custom_msg/msg/_target_coordinates.py
[13.289s] -- Up-to-date symlink: /home/luisf/robot2_ws/install/custom_msg/lib/python3.8/site-packages/custom_msg/custom_msg_s__rosidl_typesupport_fastrtps_c.cpython-38-x86_64-linux-gnu.so
[13.291s] -- Up-to-date symlink: /home/luisf/robot2_ws/install/custom_msg/lib/python3.8/site-packages/custom_msg/custom_msg_s__rosidl_typesupport_introspection_c.cpython-38-x86_64-linux-gnu.so
[13.292s] -- Up-to-date symlink: /home/luisf/robot2_ws/install/custom_msg/lib/python3.8/site-packages/custom_msg/custom_msg_s__rosidl_typesupport_c.cpython-38-x86_64-linux-gnu.so
[13.294s] -- Up-to-date symlink: /home/luisf/robot2_ws/install/custom_msg/lib/libcustom_msg__python.so
[13.294s] -- Symlinking: /home/luisf/robot2_ws/install/custom_msg/share/custom_msg/srv/SetLed.idl
[13.310s] -- Up-to-date symlink: /home/luisf/robot2_ws/install/custom_msg/share/custom_msg/msg/LogTf.idl
[13.311s] -- Up-to-date symlink: /home/luisf/robot2_ws/install/custom_msg/share/custom_msg/msg/TargetCoordinates.idl
[13.311s] -- Symlinking: /home/luisf/robot2_ws/install/custom_msg/share/custom_msg/srv/SetLed.srv
[13.328s] -- Symlinking: /home/luisf/robot2_ws/install/custom_msg/share/custom_msg/srv/SetLed_Request.msg
[13.344s] -- Symlinking: /home/luisf/robot2_ws/install/custom_msg/share/custom_msg/srv/SetLed_Response.msg
[13.359s] -- Up-to-date symlink: /home/luisf/robot2_ws/install/custom_msg/share/custom_msg/msg/LogTf.msg
[13.360s] -- Up-to-date symlink: /home/luisf/robot2_ws/install/custom_msg/share/custom_msg/msg/TargetCoordinates.msg
[13.360s] -- Up-to-date symlink: /home/luisf/robot2_ws/install/custom_msg/share/ament_index/resource_index/package_run_dependencies/custom_msg
[13.361s] -- Up-to-date symlink: /home/luisf/robot2_ws/install/custom_msg/share/ament_index/resource_index/parent_prefix_path/custom_msg
[13.362s] -- Up-to-date symlink: /home/luisf/robot2_ws/install/custom_msg/share/custom_msg/environment/ament_prefix_path.sh
[13.362s] -- Up-to-date symlink: /home/luisf/robot2_ws/install/custom_msg/share/custom_msg/environment/ament_prefix_path.dsv
[13.363s] -- Up-to-date symlink: /home/luisf/robot2_ws/install/custom_msg/share/custom_msg/environment/path.sh
[13.364s] -- Up-to-date symlink: /home/luisf/robot2_ws/install/custom_msg/share/custom_msg/environment/path.dsv
[13.365s] -- Up-to-date symlink: /home/luisf/robot2_ws/install/custom_msg/share/custom_msg/local_setup.bash
[13.366s] -- Up-to-date symlink: /home/luisf/robot2_ws/install/custom_msg/share/custom_msg/local_setup.sh
[13.367s] -- Up-to-date symlink: /home/luisf/robot2_ws/install/custom_msg/share/custom_msg/local_setup.zsh
[13.368s] -- Up-to-date symlink: /home/luisf/robot2_ws/install/custom_msg/share/custom_msg/local_setup.dsv
[13.369s] -- Symlinking: /home/luisf/robot2_ws/install/custom_msg/share/custom_msg/package.dsv
[13.386s] -- Up-to-date symlink: /home/luisf/robot2_ws/install/custom_msg/share/ament_index/resource_index/packages/custom_msg
[13.386s] -- Up-to-date symlink: /home/luisf/robot2_ws/install/custom_msg/share/custom_msg/cmake/rosidl_cmake-extras.cmake
[13.387s] -- Up-to-date symlink: /home/luisf/robot2_ws/install/custom_msg/share/custom_msg/cmake/ament_cmake_export_dependencies-extras.cmake
[13.387s] -- Up-to-date symlink: /home/luisf/robot2_ws/install/custom_msg/share/custom_msg/cmake/ament_cmake_export_libraries-extras.cmake
[13.388s] -- Up-to-date symlink: /home/luisf/robot2_ws/install/custom_msg/share/custom_msg/cmake/ament_cmake_export_targets-extras.cmake
[13.388s] -- Up-to-date symlink: /home/luisf/robot2_ws/install/custom_msg/share/custom_msg/cmake/ament_cmake_export_include_directories-extras.cmake
[13.389s] -- Up-to-date symlink: /home/luisf/robot2_ws/install/custom_msg/share/custom_msg/cmake/rosidl_cmake_export_typesupport_libraries-extras.cmake
[13.389s] -- Up-to-date symlink: /home/luisf/robot2_ws/install/custom_msg/share/custom_msg/cmake/rosidl_cmake_export_typesupport_targets-extras.cmake
[13.390s] -- Up-to-date symlink: /home/luisf/robot2_ws/install/custom_msg/share/custom_msg/cmake/custom_msgConfig.cmake
[13.390s] -- Up-to-date symlink: /home/luisf/robot2_ws/install/custom_msg/share/custom_msg/cmake/custom_msgConfig-version.cmake
[13.426s] -- Up-to-date symlink: /home/luisf/robot2_ws/install/custom_msg/share/custom_msg/package.xml
[13.426s] -- Installing: /home/luisf/robot2_ws/install/custom_msg/lib/libcustom_msg__rosidl_generator_c.so
[13.427s] -- Set runtime path of "/home/luisf/robot2_ws/install/custom_msg/lib/libcustom_msg__rosidl_generator_c.so" to ""
[13.427s] -- Installing: /home/luisf/robot2_ws/install/custom_msg/lib/libcustom_msg__rosidl_typesupport_introspection_c.so
[13.428s] -- Set runtime path of "/home/luisf/robot2_ws/install/custom_msg/lib/libcustom_msg__rosidl_typesupport_introspection_c.so" to ""
[13.428s] -- Installing: /home/luisf/robot2_ws/install/custom_msg/lib/libcustom_msg__rosidl_typesupport_c.so
[13.429s] -- Set runtime path of "/home/luisf/robot2_ws/install/custom_msg/lib/libcustom_msg__rosidl_typesupport_c.so" to ""
[13.429s] -- Installing: /home/luisf/robot2_ws/install/custom_msg/lib/libcustom_msg__rosidl_typesupport_introspection_cpp.so
[13.430s] -- Set runtime path of "/home/luisf/robot2_ws/install/custom_msg/lib/libcustom_msg__rosidl_typesupport_introspection_cpp.so" to ""
[13.431s] -- Installing: /home/luisf/robot2_ws/install/custom_msg/lib/libcustom_msg__rosidl_typesupport_cpp.so
[13.431s] -- Set runtime path of "/home/luisf/robot2_ws/install/custom_msg/lib/libcustom_msg__rosidl_typesupport_cpp.so" to ""
[13.495s] Compiling '/home/luisf/robot2_ws/install/custom_msg/lib/python3.8/site-packages/custom_msg/__init__.py'...
[13.503s] -- Up-to-date: /home/luisf/robot2_ws/install/custom_msg/share/custom_msg/cmake/custom_msg__rosidl_generator_cExport.cmake
[13.503s] -- Installing: /home/luisf/robot2_ws/install/custom_msg/share/custom_msg/cmake/custom_msg__rosidl_generator_cExport-noconfig.cmake
[13.504s] -- Up-to-date: /home/luisf/robot2_ws/install/custom_msg/share/custom_msg/cmake/custom_msg__rosidl_typesupport_introspection_cExport.cmake
[13.504s] -- Installing: /home/luisf/robot2_ws/install/custom_msg/share/custom_msg/cmake/custom_msg__rosidl_typesupport_introspection_cExport-noconfig.cmake
[13.504s] -- Up-to-date: /home/luisf/robot2_ws/install/custom_msg/share/custom_msg/cmake/custom_msg__rosidl_typesupport_cExport.cmake
[13.504s] -- Installing: /home/luisf/robot2_ws/install/custom_msg/share/custom_msg/cmake/custom_msg__rosidl_typesupport_cExport-noconfig.cmake
[13.505s] -- Up-to-date: /home/luisf/robot2_ws/install/custom_msg/share/custom_msg/cmake/custom_msg__rosidl_generator_cppExport.cmake
[13.505s] -- Up-to-date: /home/luisf/robot2_ws/install/custom_msg/share/custom_msg/cmake/custom_msg__rosidl_typesupport_introspection_cppExport.cmake
[13.505s] -- Installing: /home/luisf/robot2_ws/install/custom_msg/share/custom_msg/cmake/custom_msg__rosidl_typesupport_introspection_cppExport-noconfig.cmake
[13.506s] -- Up-to-date: /home/luisf/robot2_ws/install/custom_msg/share/custom_msg/cmake/custom_msg__rosidl_typesupport_cppExport.cmake
[13.506s] -- Installing: /home/luisf/robot2_ws/install/custom_msg/share/custom_msg/cmake/custom_msg__rosidl_typesupport_cppExport-noconfig.cmake
[13.511s] Invoked command in '/home/luisf/robot2_ws/build/custom_msg' returned '0': CMAKE_PREFIX_PATH=${CMAKE_PREFIX_PATH}:/home/luisf/robot2_ws/install/pub_sub_custom:/home/luisf/robot2_ws/install/publisher_subscriber_r:/home/luisf/robot2_ws/install/program2:/opt/ros/foxy /usr/bin/cmake --install /home/luisf/robot2_ws/build/custom_msg
