[1.824s] Invoking command in '/home/luisf/robot2_ws/src/add_integers': CMAKE_PREFIX_PATH=/home/luisf/robot2_ws/install/custom_msg:/home/luisf/robot2_ws/install/publisher_subscriber_custom_msg:/home/luisf/robot2_ws/install/program1:/home/luisf/robot2_ws/install/node1:/home/luisf/robot2_ws/install/my_package:/home/luisf/robot2_ws/install/cpp_publisher_subscriber PYTHONPATH=/home/luisf/robot2_ws/build/add_integers/prefix_override:/home/luisf/robot2_ws/install/add_integers/lib/python3.8/site-packages:/home/luisf/robot2_ws/install/custom_msg/lib/python3.8/site-packages:/home/luisf/robot2_ws/install/pub_sub_custom/lib/python3.8/site-packages:/home/luisf/robot2_ws/build/publisher_subscriber_r:/home/luisf/robot2_ws/install/publisher_subscriber_r/lib/python3.8/site-packages:/home/luisf/robot2_ws/build/program2:/home/luisf/robot2_ws/install/program2/lib/python3.8/site-packages:/opt/ros/foxy/lib/python3.8/site-packages /usr/bin/python3 setup.py egg_info --egg-base ../../build/add_integers build --build-base /home/luisf/robot2_ws/build/add_integers/build install --record /home/luisf/robot2_ws/build/add_integers/install.log --install-scripts $base/lib/add_integers --single-version-externally-managed
[2.247s] running egg_info
[2.248s] creating ../../build/add_integers/add_integers.egg-info
[2.248s] writing ../../build/add_integers/add_integers.egg-info/PKG-INFO
[2.249s] writing dependency_links to ../../build/add_integers/add_integers.egg-info/dependency_links.txt
[2.249s] writing entry points to ../../build/add_integers/add_integers.egg-info/entry_points.txt
[2.249s] writing requirements to ../../build/add_integers/add_integers.egg-info/requires.txt
[2.250s] writing top-level names to ../../build/add_integers/add_integers.egg-info/top_level.txt
[2.269s] writing manifest file '../../build/add_integers/add_integers.egg-info/SOURCES.txt'
[2.329s] reading manifest file '../../build/add_integers/add_integers.egg-info/SOURCES.txt'
[2.330s] writing manifest file '../../build/add_integers/add_integers.egg-info/SOURCES.txt'
[2.330s] running build
[2.330s] running build_py
[2.331s] creating /home/luisf/robot2_ws/build/add_integers/build
[2.331s] creating /home/luisf/robot2_ws/build/add_integers/build/lib
[2.331s] creating /home/luisf/robot2_ws/build/add_integers/build/lib/add_integers
[2.331s] copying add_integers/add_client.py -> /home/luisf/robot2_ws/build/add_integers/build/lib/add_integers
[2.331s] copying add_integers/add_server.py -> /home/luisf/robot2_ws/build/add_integers/build/lib/add_integers
[2.331s] copying add_integers/__init__.py -> /home/luisf/robot2_ws/build/add_integers/build/lib/add_integers
[2.332s] running install
[2.333s] running install_lib
[2.335s] creating /home/luisf/robot2_ws/install/add_integers/lib/python3.8/site-packages/add_integers
[2.335s] copying /home/luisf/robot2_ws/build/add_integers/build/lib/add_integers/add_client.py -> /home/luisf/robot2_ws/install/add_integers/lib/python3.8/site-packages/add_integers
[2.336s] copying /home/luisf/robot2_ws/build/add_integers/build/lib/add_integers/add_server.py -> /home/luisf/robot2_ws/install/add_integers/lib/python3.8/site-packages/add_integers
[2.336s] copying /home/luisf/robot2_ws/build/add_integers/build/lib/add_integers/__init__.py -> /home/luisf/robot2_ws/install/add_integers/lib/python3.8/site-packages/add_integers
[2.337s] byte-compiling /home/luisf/robot2_ws/install/add_integers/lib/python3.8/site-packages/add_integers/add_client.py to add_client.cpython-38.pyc
[2.339s] byte-compiling /home/luisf/robot2_ws/install/add_integers/lib/python3.8/site-packages/add_integers/add_server.py to add_server.cpython-38.pyc
[2.340s] byte-compiling /home/luisf/robot2_ws/install/add_integers/lib/python3.8/site-packages/add_integers/__init__.py to __init__.cpython-38.pyc
[2.340s] running install_data
[2.342s] creating /home/luisf/robot2_ws/install/add_integers/share/ament_index
[2.342s] creating /home/luisf/robot2_ws/install/add_integers/share/ament_index/resource_index
[2.342s] creating /home/luisf/robot2_ws/install/add_integers/share/ament_index/resource_index/packages
[2.343s] copying resource/add_integers -> /home/luisf/robot2_ws/install/add_integers/share/ament_index/resource_index/packages
[2.343s] copying package.xml -> /home/luisf/robot2_ws/install/add_integers/share/add_integers
[2.343s] running install_egg_info
[2.346s] Copying ../../build/add_integers/add_integers.egg-info to /home/luisf/robot2_ws/install/add_integers/lib/python3.8/site-packages/add_integers-0.0.0-py3.8.egg-info
[2.347s] running install_scripts
[2.377s] Installing add_client script to /home/luisf/robot2_ws/install/add_integers/lib/add_integers
[2.377s] Installing add_server script to /home/luisf/robot2_ws/install/add_integers/lib/add_integers
[2.378s] writing list of installed files to '/home/luisf/robot2_ws/build/add_integers/install.log'
[2.414s] Invoked command in '/home/luisf/robot2_ws/src/add_integers' returned '0': CMAKE_PREFIX_PATH=/home/luisf/robot2_ws/install/custom_msg:/home/luisf/robot2_ws/install/publisher_subscriber_custom_msg:/home/luisf/robot2_ws/install/program1:/home/luisf/robot2_ws/install/node1:/home/luisf/robot2_ws/install/my_package:/home/luisf/robot2_ws/install/cpp_publisher_subscriber PYTHONPATH=/home/luisf/robot2_ws/build/add_integers/prefix_override:/home/luisf/robot2_ws/install/add_integers/lib/python3.8/site-packages:/home/luisf/robot2_ws/install/custom_msg/lib/python3.8/site-packages:/home/luisf/robot2_ws/install/pub_sub_custom/lib/python3.8/site-packages:/home/luisf/robot2_ws/build/publisher_subscriber_r:/home/luisf/robot2_ws/install/publisher_subscriber_r/lib/python3.8/site-packages:/home/luisf/robot2_ws/build/program2:/home/luisf/robot2_ws/install/program2/lib/python3.8/site-packages:/opt/ros/foxy/lib/python3.8/site-packages /usr/bin/python3 setup.py egg_info --egg-base ../../build/add_integers build --build-base /home/luisf/robot2_ws/build/add_integers/build install --record /home/luisf/robot2_ws/build/add_integers/install.log --install-scripts $base/lib/add_integers --single-version-externally-managed
