[1.308s] Invoking command in '/home/luisf/robot2_ws/src/add_integers': CMAKE_PREFIX_PATH=/home/luisf/robot2_ws/install/custom_msg:/home/luisf/robot2_ws/install/publisher_subscriber_custom_msg:/home/luisf/robot2_ws/install/program1:/home/luisf/robot2_ws/install/node1:/home/luisf/robot2_ws/install/my_package:/home/luisf/robot2_ws/install/cpp_publisher_subscriber PYTHONPATH=/home/luisf/robot2_ws/build/add_integers/prefix_override:/home/luisf/robot2_ws/install/add_integers/lib/python3.8/site-packages:/home/luisf/robot2_ws/install/custom_msg/lib/python3.8/site-packages:/home/luisf/robot2_ws/install/add_integers/lib/python3.8/site-packages:/home/luisf/robot2_ws/install/pub_sub_custom/lib/python3.8/site-packages:/home/luisf/robot2_ws/build/publisher_subscriber_r:/home/luisf/robot2_ws/install/publisher_subscriber_r/lib/python3.8/site-packages:/home/luisf/robot2_ws/build/program2:/home/luisf/robot2_ws/install/program2/lib/python3.8/site-packages:/opt/ros/foxy/lib/python3.8/site-packages /usr/bin/python3 setup.py egg_info --egg-base ../../build/add_integers build --build-base /home/luisf/robot2_ws/build/add_integers/build install --record /home/luisf/robot2_ws/build/add_integers/install.log --install-scripts $base/lib/add_integers --single-version-externally-managed
[1.796s] running egg_info
[1.797s] writing ../../build/add_integers/add_integers.egg-info/PKG-INFO
[1.797s] writing dependency_links to ../../build/add_integers/add_integers.egg-info/dependency_links.txt
[1.798s] writing entry points to ../../build/add_integers/add_integers.egg-info/entry_points.txt
[1.798s] writing requirements to ../../build/add_integers/add_integers.egg-info/requires.txt
[1.798s] writing top-level names to ../../build/add_integers/add_integers.egg-info/top_level.txt
[1.866s] reading manifest file '../../build/add_integers/add_integers.egg-info/SOURCES.txt'
[1.868s] writing manifest file '../../build/add_integers/add_integers.egg-info/SOURCES.txt'
[1.868s] running build
[1.868s] running build_py
[1.868s] copying add_integers/add_client.py -> /home/luisf/robot2_ws/build/add_integers/build/lib/add_integers
[1.869s] running install
[1.870s] running install_lib
[1.872s] copying /home/luisf/robot2_ws/build/add_integers/build/lib/add_integers/add_client.py -> /home/luisf/robot2_ws/install/add_integers/lib/python3.8/site-packages/add_integers
[1.873s] byte-compiling /home/luisf/robot2_ws/install/add_integers/lib/python3.8/site-packages/add_integers/add_client.py to add_client.cpython-38.pyc
[1.876s] running install_data
[1.876s] running install_egg_info
[1.879s] removing '/home/luisf/robot2_ws/install/add_integers/lib/python3.8/site-packages/add_integers-0.0.0-py3.8.egg-info' (and everything under it)
[1.880s] Copying ../../build/add_integers/add_integers.egg-info to /home/luisf/robot2_ws/install/add_integers/lib/python3.8/site-packages/add_integers-0.0.0-py3.8.egg-info
[1.881s] running install_scripts
[1.911s] Installing add_client script to /home/luisf/robot2_ws/install/add_integers/lib/add_integers
[1.911s] Installing add_server script to /home/luisf/robot2_ws/install/add_integers/lib/add_integers
[1.912s] writing list of installed files to '/home/luisf/robot2_ws/build/add_integers/install.log'
[1.947s] Invoked command in '/home/luisf/robot2_ws/src/add_integers' returned '0': CMAKE_PREFIX_PATH=/home/luisf/robot2_ws/install/custom_msg:/home/luisf/robot2_ws/install/publisher_subscriber_custom_msg:/home/luisf/robot2_ws/install/program1:/home/luisf/robot2_ws/install/node1:/home/luisf/robot2_ws/install/my_package:/home/luisf/robot2_ws/install/cpp_publisher_subscriber PYTHONPATH=/home/luisf/robot2_ws/build/add_integers/prefix_override:/home/luisf/robot2_ws/install/add_integers/lib/python3.8/site-packages:/home/luisf/robot2_ws/install/custom_msg/lib/python3.8/site-packages:/home/luisf/robot2_ws/install/add_integers/lib/python3.8/site-packages:/home/luisf/robot2_ws/install/pub_sub_custom/lib/python3.8/site-packages:/home/luisf/robot2_ws/build/publisher_subscriber_r:/home/luisf/robot2_ws/install/publisher_subscriber_r/lib/python3.8/site-packages:/home/luisf/robot2_ws/build/program2:/home/luisf/robot2_ws/install/program2/lib/python3.8/site-packages:/opt/ros/foxy/lib/python3.8/site-packages /usr/bin/python3 setup.py egg_info --egg-base ../../build/add_integers build --build-base /home/luisf/robot2_ws/build/add_integers/build install --record /home/luisf/robot2_ws/build/add_integers/install.log --install-scripts $base/lib/add_integers --single-version-externally-managed
