[0.607s] DEBUG:colcon:Command line arguments: ['/usr/bin/colcon', 'build', '--packages-select', 'pub_sub_custom']
[0.607s] DEBUG:colcon:Parsed command line arguments: Namespace(allow_overriding=[], ament_cmake_args=None, base_paths=['.'], build_base='build', catkin_cmake_args=None, catkin_skip_building_tests=False, cmake_args=None, cmake_clean_cache=False, cmake_clean_first=False, cmake_force_configure=False, cmake_target=None, cmake_target_skip_unavailable=False, continue_on_error=False, event_handlers=None, executor='parallel', ignore_user_meta=False, install_base='install', log_base=None, log_level=None, main=<bound method BuildVerb.main of <colcon_core.verb.build.BuildVerb object at 0x7fbbb9571310>>, merge_install=False, metas=['./colcon.meta'], packages_above=None, packages_above_and_dependencies=None, packages_above_depth=None, packages_end=None, packages_ignore=None, packages_ignore_regex=None, packages_select=['pub_sub_custom'], packages_select_build_failed=False, packages_select_by_dep=None, packages_select_regex=None, packages_select_test_failures=False, packages_skip=None, packages_skip_build_finished=False, packages_skip_by_dep=None, packages_skip_regex=None, packages_skip_test_passed=False, packages_skip_up_to=None, packages_start=None, packages_up_to=None, packages_up_to_regex=None, parallel_workers=4, paths=None, symlink_install=False, test_result_base=None, verb_extension=<colcon_core.verb.build.BuildVerb object at 0x7fbbb9571310>, verb_name='build', verb_parser=<colcon_defaults.argument_parser.defaults.DefaultArgumentsDecorator object at 0x7fbbb9571850>)
[0.656s] Level 1:colcon.colcon_core.package_discovery:discover_packages(colcon_meta) check parameters
[0.656s] Level 1:colcon.colcon_core.package_discovery:discover_packages(recursive) check parameters
[0.656s] Level 1:colcon.colcon_core.package_discovery:discover_packages(ignore) check parameters
[0.656s] Level 1:colcon.colcon_core.package_discovery:discover_packages(path) check parameters
[0.656s] Level 1:colcon.colcon_core.package_discovery:discover_packages(colcon_meta) discover
[0.657s] Level 1:colcon.colcon_core.package_discovery:discover_packages(recursive) discover
[0.657s] INFO:colcon.colcon_core.package_discovery:Crawling recursively for packages in '/home/luisf/robot2_ws'
[0.657s] Level 1:colcon.colcon_core.package_identification:_identify(.) by extensions ['ignore', 'ignore_ament_install']
[0.657s] Level 1:colcon.colcon_core.package_identification:_identify(.) by extension 'ignore'
[0.657s] Level 1:colcon.colcon_core.package_identification:_identify(.) by extension 'ignore_ament_install'
[0.657s] Level 1:colcon.colcon_core.package_identification:_identify(.) by extensions ['colcon_pkg']
[0.657s] Level 1:colcon.colcon_core.package_identification:_identify(.) by extension 'colcon_pkg'
[0.657s] Level 1:colcon.colcon_core.package_identification:_identify(.) by extensions ['colcon_meta']
[0.657s] Level 1:colcon.colcon_core.package_identification:_identify(.) by extension 'colcon_meta'
[0.658s] Level 1:colcon.colcon_core.package_identification:_identify(.) by extensions ['ros']
[0.658s] Level 1:colcon.colcon_core.package_identification:_identify(.) by extension 'ros'
[0.694s] Level 1:colcon.colcon_core.package_identification:_identify(.) by extensions ['cmake', 'python']
[0.694s] Level 1:colcon.colcon_core.package_identification:_identify(.) by extension 'cmake'
[0.694s] Level 1:colcon.colcon_core.package_identification:_identify(.) by extension 'python'
[0.694s] Level 1:colcon.colcon_core.package_identification:_identify(.) by extensions ['python_setup_py']
[0.694s] Level 1:colcon.colcon_core.package_identification:_identify(.) by extension 'python_setup_py'
[0.694s] Level 1:colcon.colcon_core.package_identification:_identify(build) by extensions ['ignore', 'ignore_ament_install']
[0.695s] Level 1:colcon.colcon_core.package_identification:_identify(build) by extension 'ignore'
[0.695s] Level 1:colcon.colcon_core.package_identification:_identify(build) ignored
[0.695s] Level 1:colcon.colcon_core.package_identification:_identify(install) by extensions ['ignore', 'ignore_ament_install']
[0.695s] Level 1:colcon.colcon_core.package_identification:_identify(install) by extension 'ignore'
[0.695s] Level 1:colcon.colcon_core.package_identification:_identify(install) ignored
[0.696s] Level 1:colcon.colcon_core.package_identification:_identify(log) by extensions ['ignore', 'ignore_ament_install']
[0.696s] Level 1:colcon.colcon_core.package_identification:_identify(log) by extension 'ignore'
[0.696s] Level 1:colcon.colcon_core.package_identification:_identify(log) ignored
[0.696s] Level 1:colcon.colcon_core.package_identification:_identify(src) by extensions ['ignore', 'ignore_ament_install']
[0.696s] Level 1:colcon.colcon_core.package_identification:_identify(src) by extension 'ignore'
[0.696s] Level 1:colcon.colcon_core.package_identification:_identify(src) by extension 'ignore_ament_install'
[0.696s] Level 1:colcon.colcon_core.package_identification:_identify(src) by extensions ['colcon_pkg']
[0.696s] Level 1:colcon.colcon_core.package_identification:_identify(src) by extension 'colcon_pkg'
[0.697s] Level 1:colcon.colcon_core.package_identification:_identify(src) by extensions ['colcon_meta']
[0.697s] Level 1:colcon.colcon_core.package_identification:_identify(src) by extension 'colcon_meta'
[0.697s] Level 1:colcon.colcon_core.package_identification:_identify(src) by extensions ['ros']
[0.697s] Level 1:colcon.colcon_core.package_identification:_identify(src) by extension 'ros'
[0.697s] Level 1:colcon.colcon_core.package_identification:_identify(src) by extensions ['cmake', 'python']
[0.697s] Level 1:colcon.colcon_core.package_identification:_identify(src) by extension 'cmake'
[0.697s] Level 1:colcon.colcon_core.package_identification:_identify(src) by extension 'python'
[0.697s] Level 1:colcon.colcon_core.package_identification:_identify(src) by extensions ['python_setup_py']
[0.697s] Level 1:colcon.colcon_core.package_identification:_identify(src) by extension 'python_setup_py'
[0.697s] Level 1:colcon.colcon_core.package_identification:_identify(src/cpp_publisher_subscriber) by extensions ['ignore', 'ignore_ament_install']
[0.698s] Level 1:colcon.colcon_core.package_identification:_identify(src/cpp_publisher_subscriber) by extension 'ignore'
[0.698s] Level 1:colcon.colcon_core.package_identification:_identify(src/cpp_publisher_subscriber) by extension 'ignore_ament_install'
[0.698s] Level 1:colcon.colcon_core.package_identification:_identify(src/cpp_publisher_subscriber) by extensions ['colcon_pkg']
[0.698s] Level 1:colcon.colcon_core.package_identification:_identify(src/cpp_publisher_subscriber) by extension 'colcon_pkg'
[0.699s] Level 1:colcon.colcon_core.package_identification:_identify(src/cpp_publisher_subscriber) by extensions ['colcon_meta']
[0.699s] Level 1:colcon.colcon_core.package_identification:_identify(src/cpp_publisher_subscriber) by extension 'colcon_meta'
[0.699s] Level 1:colcon.colcon_core.package_identification:_identify(src/cpp_publisher_subscriber) by extensions ['ros']
[0.699s] Level 1:colcon.colcon_core.package_identification:_identify(src/cpp_publisher_subscriber) by extension 'ros'
[0.705s] DEBUG:colcon.colcon_core.package_identification:Package 'src/cpp_publisher_subscriber' with type 'ros.ament_cmake' and name 'cpp_publisher_subscriber'
[0.705s] Level 1:colcon.colcon_core.package_identification:_identify(src/custom_msg) by extensions ['ignore', 'ignore_ament_install']
[0.705s] Level 1:colcon.colcon_core.package_identification:_identify(src/custom_msg) by extension 'ignore'
[0.705s] Level 1:colcon.colcon_core.package_identification:_identify(src/custom_msg) by extension 'ignore_ament_install'
[0.705s] Level 1:colcon.colcon_core.package_identification:_identify(src/custom_msg) by extensions ['colcon_pkg']
[0.705s] Level 1:colcon.colcon_core.package_identification:_identify(src/custom_msg) by extension 'colcon_pkg'
[0.705s] Level 1:colcon.colcon_core.package_identification:_identify(src/custom_msg) by extensions ['colcon_meta']
[0.706s] Level 1:colcon.colcon_core.package_identification:_identify(src/custom_msg) by extension 'colcon_meta'
[0.706s] Level 1:colcon.colcon_core.package_identification:_identify(src/custom_msg) by extensions ['ros']
[0.706s] Level 1:colcon.colcon_core.package_identification:_identify(src/custom_msg) by extension 'ros'
[0.707s] DEBUG:colcon.colcon_core.package_identification:Package 'src/custom_msg' with type 'ros.ament_cmake' and name 'custom_msg'
[0.707s] Level 1:colcon.colcon_core.package_identification:_identify(src/my_package) by extensions ['ignore', 'ignore_ament_install']
[0.708s] Level 1:colcon.colcon_core.package_identification:_identify(src/my_package) by extension 'ignore'
[0.708s] Level 1:colcon.colcon_core.package_identification:_identify(src/my_package) by extension 'ignore_ament_install'
[0.708s] Level 1:colcon.colcon_core.package_identification:_identify(src/my_package) by extensions ['colcon_pkg']
[0.708s] Level 1:colcon.colcon_core.package_identification:_identify(src/my_package) by extension 'colcon_pkg'
[0.708s] Level 1:colcon.colcon_core.package_identification:_identify(src/my_package) by extensions ['colcon_meta']
[0.708s] Level 1:colcon.colcon_core.package_identification:_identify(src/my_package) by extension 'colcon_meta'
[0.708s] Level 1:colcon.colcon_core.package_identification:_identify(src/my_package) by extensions ['ros']
[0.708s] Level 1:colcon.colcon_core.package_identification:_identify(src/my_package) by extension 'ros'
[0.709s] DEBUG:colcon.colcon_core.package_identification:Package 'src/my_package' with type 'ros.ament_cmake' and name 'my_package'
[0.709s] Level 1:colcon.colcon_core.package_identification:_identify(src/node1) by extensions ['ignore', 'ignore_ament_install']
[0.709s] Level 1:colcon.colcon_core.package_identification:_identify(src/node1) by extension 'ignore'
[0.709s] Level 1:colcon.colcon_core.package_identification:_identify(src/node1) by extension 'ignore_ament_install'
[0.710s] Level 1:colcon.colcon_core.package_identification:_identify(src/node1) by extensions ['colcon_pkg']
[0.710s] Level 1:colcon.colcon_core.package_identification:_identify(src/node1) by extension 'colcon_pkg'
[0.710s] Level 1:colcon.colcon_core.package_identification:_identify(src/node1) by extensions ['colcon_meta']
[0.710s] Level 1:colcon.colcon_core.package_identification:_identify(src/node1) by extension 'colcon_meta'
[0.710s] Level 1:colcon.colcon_core.package_identification:_identify(src/node1) by extensions ['ros']
[0.710s] Level 1:colcon.colcon_core.package_identification:_identify(src/node1) by extension 'ros'
[0.711s] DEBUG:colcon.colcon_core.package_identification:Package 'src/node1' with type 'ros.ament_cmake' and name 'node1'
[0.711s] Level 1:colcon.colcon_core.package_identification:_identify(src/pub_sub_custom) by extensions ['ignore', 'ignore_ament_install']
[0.711s] Level 1:colcon.colcon_core.package_identification:_identify(src/pub_sub_custom) by extension 'ignore'
[0.712s] Level 1:colcon.colcon_core.package_identification:_identify(src/pub_sub_custom) by extension 'ignore_ament_install'
[0.712s] Level 1:colcon.colcon_core.package_identification:_identify(src/pub_sub_custom) by extensions ['colcon_pkg']
[0.712s] Level 1:colcon.colcon_core.package_identification:_identify(src/pub_sub_custom) by extension 'colcon_pkg'
[0.712s] Level 1:colcon.colcon_core.package_identification:_identify(src/pub_sub_custom) by extensions ['colcon_meta']
[0.712s] Level 1:colcon.colcon_core.package_identification:_identify(src/pub_sub_custom) by extension 'colcon_meta'
[0.712s] Level 1:colcon.colcon_core.package_identification:_identify(src/pub_sub_custom) by extensions ['ros']
[0.712s] Level 1:colcon.colcon_core.package_identification:_identify(src/pub_sub_custom) by extension 'ros'
[0.713s] DEBUG:colcon.colcon_core.package_identification:Package 'src/pub_sub_custom' with type 'ros.ament_python' and name 'pub_sub_custom'
[0.713s] Level 1:colcon.colcon_core.package_identification:_identify(src/publisher_subscriber_custom_msg) by extensions ['ignore', 'ignore_ament_install']
[0.714s] Level 1:colcon.colcon_core.package_identification:_identify(src/publisher_subscriber_custom_msg) by extension 'ignore'
[0.714s] Level 1:colcon.colcon_core.package_identification:_identify(src/publisher_subscriber_custom_msg) by extension 'ignore_ament_install'
[0.714s] Level 1:colcon.colcon_core.package_identification:_identify(src/publisher_subscriber_custom_msg) by extensions ['colcon_pkg']
[0.714s] Level 1:colcon.colcon_core.package_identification:_identify(src/publisher_subscriber_custom_msg) by extension 'colcon_pkg'
[0.714s] Level 1:colcon.colcon_core.package_identification:_identify(src/publisher_subscriber_custom_msg) by extensions ['colcon_meta']
[0.714s] Level 1:colcon.colcon_core.package_identification:_identify(src/publisher_subscriber_custom_msg) by extension 'colcon_meta'
[0.714s] Level 1:colcon.colcon_core.package_identification:_identify(src/publisher_subscriber_custom_msg) by extensions ['ros']
[0.714s] Level 1:colcon.colcon_core.package_identification:_identify(src/publisher_subscriber_custom_msg) by extension 'ros'
[0.715s] DEBUG:colcon.colcon_core.package_identification:Package 'src/publisher_subscriber_custom_msg' with type 'ros.ament_cmake' and name 'publisher_subscriber_custom_msg'
[0.716s] Level 1:colcon.colcon_core.package_identification:_identify(src/publisher_subscriber_r) by extensions ['ignore', 'ignore_ament_install']
[0.716s] Level 1:colcon.colcon_core.package_identification:_identify(src/publisher_subscriber_r) by extension 'ignore'
[0.716s] Level 1:colcon.colcon_core.package_identification:_identify(src/publisher_subscriber_r) by extension 'ignore_ament_install'
[0.716s] Level 1:colcon.colcon_core.package_identification:_identify(src/publisher_subscriber_r) by extensions ['colcon_pkg']
[0.716s] Level 1:colcon.colcon_core.package_identification:_identify(src/publisher_subscriber_r) by extension 'colcon_pkg'
[0.716s] Level 1:colcon.colcon_core.package_identification:_identify(src/publisher_subscriber_r) by extensions ['colcon_meta']
[0.716s] Level 1:colcon.colcon_core.package_identification:_identify(src/publisher_subscriber_r) by extension 'colcon_meta'
[0.716s] Level 1:colcon.colcon_core.package_identification:_identify(src/publisher_subscriber_r) by extensions ['ros']
[0.716s] Level 1:colcon.colcon_core.package_identification:_identify(src/publisher_subscriber_r) by extension 'ros'
[0.717s] DEBUG:colcon.colcon_core.package_identification:Package 'src/publisher_subscriber_r' with type 'ros.ament_python' and name 'publisher_subscriber_r'
[0.718s] Level 1:colcon.colcon_core.package_discovery:discover_packages(recursive) using defaults
[0.718s] Level 1:colcon.colcon_core.package_discovery:discover_packages(ignore) discover
[0.718s] Level 1:colcon.colcon_core.package_discovery:discover_packages(ignore) using defaults
[0.718s] Level 1:colcon.colcon_core.package_discovery:discover_packages(path) discover
[0.718s] Level 1:colcon.colcon_core.package_discovery:discover_packages(path) using defaults
[0.755s] INFO:colcon.colcon_core.package_selection:Skipping not selected package 'cpp_publisher_subscriber' in 'src/cpp_publisher_subscriber'
[0.755s] INFO:colcon.colcon_core.package_selection:Skipping not selected package 'custom_msg' in 'src/custom_msg'
[0.755s] INFO:colcon.colcon_core.package_selection:Skipping not selected package 'my_package' in 'src/my_package'
[0.755s] INFO:colcon.colcon_core.package_selection:Skipping not selected package 'node1' in 'src/node1'
[0.755s] INFO:colcon.colcon_core.package_selection:Skipping not selected package 'publisher_subscriber_r' in 'src/publisher_subscriber_r'
[0.756s] INFO:colcon.colcon_core.package_selection:Skipping not selected package 'publisher_subscriber_custom_msg' in 'src/publisher_subscriber_custom_msg'
[0.757s] Level 1:colcon.colcon_core.package_discovery:discover_packages(prefix_path) check parameters
[0.757s] Level 1:colcon.colcon_core.package_discovery:discover_packages(prefix_path) discover
[0.762s] DEBUG:colcon.colcon_installed_package_information.package_discovery:Found 9 installed packages in /home/luisf/robot2_ws/install
[0.766s] DEBUG:colcon.colcon_installed_package_information.package_discovery:Found 266 installed packages in /opt/ros/foxy
[0.768s] Level 1:colcon.colcon_core.package_discovery:discover_packages(prefix_path) using defaults
[0.914s] Level 5:colcon.colcon_core.verb:set package 'pub_sub_custom' build argument 'cmake_args' from command line to 'None'
[0.914s] Level 5:colcon.colcon_core.verb:set package 'pub_sub_custom' build argument 'cmake_target' from command line to 'None'
[0.914s] Level 5:colcon.colcon_core.verb:set package 'pub_sub_custom' build argument 'cmake_target_skip_unavailable' from command line to 'False'
[0.914s] Level 5:colcon.colcon_core.verb:set package 'pub_sub_custom' build argument 'cmake_clean_cache' from command line to 'False'
[0.914s] Level 5:colcon.colcon_core.verb:set package 'pub_sub_custom' build argument 'cmake_clean_first' from command line to 'False'
[0.914s] Level 5:colcon.colcon_core.verb:set package 'pub_sub_custom' build argument 'cmake_force_configure' from command line to 'False'
[0.914s] Level 5:colcon.colcon_core.verb:set package 'pub_sub_custom' build argument 'ament_cmake_args' from command line to 'None'
[0.914s] Level 5:colcon.colcon_core.verb:set package 'pub_sub_custom' build argument 'catkin_cmake_args' from command line to 'None'
[0.914s] Level 5:colcon.colcon_core.verb:set package 'pub_sub_custom' build argument 'catkin_skip_building_tests' from command line to 'False'
[0.914s] DEBUG:colcon.colcon_core.verb:Building package 'pub_sub_custom' with the following arguments: {'ament_cmake_args': None, 'build_base': '/home/luisf/robot2_ws/build/pub_sub_custom', 'catkin_cmake_args': None, 'catkin_skip_building_tests': False, 'cmake_args': None, 'cmake_clean_cache': False, 'cmake_clean_first': False, 'cmake_force_configure': False, 'cmake_target': None, 'cmake_target_skip_unavailable': False, 'install_base': '/home/luisf/robot2_ws/install/pub_sub_custom', 'merge_install': False, 'path': '/home/luisf/robot2_ws/src/pub_sub_custom', 'symlink_install': False, 'test_result_base': None}
[0.916s] INFO:colcon.colcon_core.executor:Executing jobs using 'parallel' executor
[0.922s] DEBUG:colcon.colcon_parallel_executor.executor.parallel:run_until_complete
[0.923s] INFO:colcon.colcon_ros.task.ament_python.build:Building ROS package in '/home/luisf/robot2_ws/src/pub_sub_custom' with build type 'ament_python'
[0.923s] Level 1:colcon.colcon_core.shell:create_environment_hook('pub_sub_custom', 'ament_prefix_path')
[0.932s] INFO:colcon.colcon_core.plugin_system:Skipping extension 'colcon_core.shell.bat': Not used on non-Windows systems
[0.932s] INFO:colcon.colcon_core.shell:Creating environment hook '/home/luisf/robot2_ws/install/pub_sub_custom/share/pub_sub_custom/hook/ament_prefix_path.ps1'
[0.933s] INFO:colcon.colcon_core.shell:Creating environment descriptor '/home/luisf/robot2_ws/install/pub_sub_custom/share/pub_sub_custom/hook/ament_prefix_path.dsv'
[0.934s] INFO:colcon.colcon_core.shell:Creating environment hook '/home/luisf/robot2_ws/install/pub_sub_custom/share/pub_sub_custom/hook/ament_prefix_path.sh'
[0.941s] INFO:colcon.colcon_core.shell:Skip shell extension 'powershell' for command environment: Not usable outside of PowerShell
[0.941s] DEBUG:colcon.colcon_core.shell:Skip shell extension 'dsv' for command environment
[1.408s] INFO:colcon.colcon_core.task.python.build:Building Python package in '/home/luisf/robot2_ws/src/pub_sub_custom'
[1.411s] INFO:colcon.colcon_core.shell:Skip shell extension 'powershell' for command environment: Not usable outside of PowerShell
[1.412s] DEBUG:colcon.colcon_core.shell:Skip shell extension 'dsv' for command environment
[2.190s] DEBUG:colcon.colcon_core.event_handler.log_command:Invoking command in '/home/luisf/robot2_ws/src/pub_sub_custom': CMAKE_PREFIX_PATH=/home/luisf/robot2_ws/install/custom_msg:/home/luisf/robot2_ws/install/publisher_subscriber_custom_msg:/home/luisf/robot2_ws/install/program1:/home/luisf/robot2_ws/install/node1:/home/luisf/robot2_ws/install/my_package:/home/luisf/robot2_ws/install/cpp_publisher_subscriber PYTHONPATH=/home/luisf/robot2_ws/build/pub_sub_custom/prefix_override:/home/luisf/robot2_ws/install/pub_sub_custom/lib/python3.8/site-packages:/home/luisf/robot2_ws/install/custom_msg/lib/python3.8/site-packages:/home/luisf/robot2_ws/install/pub_sub_custom/lib/python3.8/site-packages:/home/luisf/robot2_ws/build/publisher_subscriber_r:/home/luisf/robot2_ws/install/publisher_subscriber_r/lib/python3.8/site-packages:/home/luisf/robot2_ws/build/program2:/home/luisf/robot2_ws/install/program2/lib/python3.8/site-packages:/opt/ros/foxy/lib/python3.8/site-packages /usr/bin/python3 setup.py egg_info --egg-base ../../build/pub_sub_custom build --build-base /home/luisf/robot2_ws/build/pub_sub_custom/build install --record /home/luisf/robot2_ws/build/pub_sub_custom/install.log --install-scripts $base/lib/pub_sub_custom --single-version-externally-managed
[2.745s] DEBUG:colcon.colcon_core.event_handler.log_command:Invoked command in '/home/luisf/robot2_ws/src/pub_sub_custom' returned '0': CMAKE_PREFIX_PATH=/home/luisf/robot2_ws/install/custom_msg:/home/luisf/robot2_ws/install/publisher_subscriber_custom_msg:/home/luisf/robot2_ws/install/program1:/home/luisf/robot2_ws/install/node1:/home/luisf/robot2_ws/install/my_package:/home/luisf/robot2_ws/install/cpp_publisher_subscriber PYTHONPATH=/home/luisf/robot2_ws/build/pub_sub_custom/prefix_override:/home/luisf/robot2_ws/install/pub_sub_custom/lib/python3.8/site-packages:/home/luisf/robot2_ws/install/custom_msg/lib/python3.8/site-packages:/home/luisf/robot2_ws/install/pub_sub_custom/lib/python3.8/site-packages:/home/luisf/robot2_ws/build/publisher_subscriber_r:/home/luisf/robot2_ws/install/publisher_subscriber_r/lib/python3.8/site-packages:/home/luisf/robot2_ws/build/program2:/home/luisf/robot2_ws/install/program2/lib/python3.8/site-packages:/opt/ros/foxy/lib/python3.8/site-packages /usr/bin/python3 setup.py egg_info --egg-base ../../build/pub_sub_custom build --build-base /home/luisf/robot2_ws/build/pub_sub_custom/build install --record /home/luisf/robot2_ws/build/pub_sub_custom/install.log --install-scripts $base/lib/pub_sub_custom --single-version-externally-managed
[2.760s] Level 1:colcon.colcon_core.environment:checking '/home/luisf/robot2_ws/install/pub_sub_custom' for CMake module files
[2.761s] Level 1:colcon.colcon_core.environment:checking '/home/luisf/robot2_ws/install/pub_sub_custom' for CMake config files
[2.762s] Level 1:colcon.colcon_core.environment:checking '/home/luisf/robot2_ws/install/pub_sub_custom/lib'
[2.763s] Level 1:colcon.colcon_core.environment:checking '/home/luisf/robot2_ws/install/pub_sub_custom/bin'
[2.763s] Level 1:colcon.colcon_core.environment:checking '/home/luisf/robot2_ws/install/pub_sub_custom/lib/pkgconfig/pub_sub_custom.pc'
[2.764s] Level 1:colcon.colcon_core.environment:checking '/home/luisf/robot2_ws/install/pub_sub_custom/lib/python3.8/site-packages'
[2.764s] Level 1:colcon.colcon_core.shell:create_environment_hook('pub_sub_custom', 'pythonpath')
[2.769s] INFO:colcon.colcon_core.shell:Creating environment hook '/home/luisf/robot2_ws/install/pub_sub_custom/share/pub_sub_custom/hook/pythonpath.ps1'
[2.770s] INFO:colcon.colcon_core.shell:Creating environment descriptor '/home/luisf/robot2_ws/install/pub_sub_custom/share/pub_sub_custom/hook/pythonpath.dsv'
[2.771s] INFO:colcon.colcon_core.shell:Creating environment hook '/home/luisf/robot2_ws/install/pub_sub_custom/share/pub_sub_custom/hook/pythonpath.sh'
[2.772s] Level 1:colcon.colcon_core.environment:checking '/home/luisf/robot2_ws/install/pub_sub_custom/bin'
[2.773s] Level 1:colcon.colcon_core.environment:create_environment_scripts_only(pub_sub_custom)
[2.777s] INFO:colcon.colcon_core.shell:Creating package script '/home/luisf/robot2_ws/install/pub_sub_custom/share/pub_sub_custom/package.ps1'
[2.779s] INFO:colcon.colcon_core.shell:Creating package descriptor '/home/luisf/robot2_ws/install/pub_sub_custom/share/pub_sub_custom/package.dsv'
[2.780s] INFO:colcon.colcon_core.shell:Creating package script '/home/luisf/robot2_ws/install/pub_sub_custom/share/pub_sub_custom/package.sh'
[2.781s] INFO:colcon.colcon_core.shell:Creating package script '/home/luisf/robot2_ws/install/pub_sub_custom/share/pub_sub_custom/package.bash'
[2.782s] INFO:colcon.colcon_core.shell:Creating package script '/home/luisf/robot2_ws/install/pub_sub_custom/share/pub_sub_custom/package.zsh'
[2.783s] Level 1:colcon.colcon_core.environment:create_file_with_runtime_dependencies(/home/luisf/robot2_ws/install/pub_sub_custom/share/colcon-core/packages/pub_sub_custom)
[2.784s] DEBUG:colcon.colcon_parallel_executor.executor.parallel:closing loop
[2.785s] DEBUG:colcon.colcon_parallel_executor.executor.parallel:loop closed
[2.785s] DEBUG:colcon.colcon_parallel_executor.executor.parallel:run_until_complete finished with '0'
[2.785s] DEBUG:colcon.colcon_core.event_reactor:joining thread
[2.799s] INFO:colcon.colcon_core.plugin_system:Skipping extension 'colcon_notification.desktop_notification.terminal_notifier': Not used on non-Darwin systems
[2.799s] INFO:colcon.colcon_core.plugin_system:Skipping extension 'colcon_notification.desktop_notification.win32': Not used on non-Windows systems
[2.799s] INFO:colcon.colcon_notification.desktop_notification:Sending desktop notification using 'notify2'
[2.827s] DEBUG:colcon.colcon_core.event_reactor:joined thread
[2.830s] INFO:colcon.colcon_core.shell:Creating prefix script '/home/luisf/robot2_ws/install/local_setup.ps1'
[2.832s] INFO:colcon.colcon_core.shell:Creating prefix util module '/home/luisf/robot2_ws/install/_local_setup_util_ps1.py'
[2.835s] INFO:colcon.colcon_core.shell:Creating prefix chain script '/home/luisf/robot2_ws/install/setup.ps1'
[2.838s] INFO:colcon.colcon_core.shell:Creating prefix script '/home/luisf/robot2_ws/install/local_setup.sh'
[2.839s] INFO:colcon.colcon_core.shell:Creating prefix util module '/home/luisf/robot2_ws/install/_local_setup_util_sh.py'
[2.840s] INFO:colcon.colcon_core.shell:Creating prefix chain script '/home/luisf/robot2_ws/install/setup.sh'
[2.844s] INFO:colcon.colcon_core.shell:Creating prefix script '/home/luisf/robot2_ws/install/local_setup.bash'
[2.845s] INFO:colcon.colcon_core.shell:Creating prefix chain script '/home/luisf/robot2_ws/install/setup.bash'
[2.848s] INFO:colcon.colcon_core.shell:Creating prefix script '/home/luisf/robot2_ws/install/local_setup.zsh'
[2.849s] INFO:colcon.colcon_core.shell:Creating prefix chain script '/home/luisf/robot2_ws/install/setup.zsh'
