running egg_info
writing ../../build/add_integers/add_integers.egg-info/PKG-INFO
writing dependency_links to ../../build/add_integers/add_integers.egg-info/dependency_links.txt
writing entry points to ../../build/add_integers/add_integers.egg-info/entry_points.txt
writing requirements to ../../build/add_integers/add_integers.egg-info/requires.txt
writing top-level names to ../../build/add_integers/add_integers.egg-info/top_level.txt
reading manifest file '../../build/add_integers/add_integers.egg-info/SOURCES.txt'
writing manifest file '../../build/add_integers/add_integers.egg-info/SOURCES.txt'
running build
running build_py
copying add_integers/add_client.py -> /home/luisf/robot2_ws/build/add_integers/build/lib/add_integers
running install
running install_lib
copying /home/luisf/robot2_ws/build/add_integers/build/lib/add_integers/add_client.py -> /home/luisf/robot2_ws/install/add_integers/lib/python3.8/site-packages/add_integers
byte-compiling /home/luisf/robot2_ws/install/add_integers/lib/python3.8/site-packages/add_integers/add_client.py to add_client.cpython-38.pyc
running install_data
running install_egg_info
removing '/home/luisf/robot2_ws/install/add_integers/lib/python3.8/site-packages/add_integers-0.0.0-py3.8.egg-info' (and everything under it)
Copying ../../build/add_integers/add_integers.egg-info to /home/luisf/robot2_ws/install/add_integers/lib/python3.8/site-packages/add_integers-0.0.0-py3.8.egg-info
running install_scripts
Installing add_client script to /home/luisf/robot2_ws/install/add_integers/lib/add_integers
Installing add_server script to /home/luisf/robot2_ws/install/add_integers/lib/add_integers
writing list of installed files to '/home/luisf/robot2_ws/build/add_integers/install.log'
