[0.031s] Invoking command in '/home/luisf/robot2_ws/build/custom_msg': CMAKE_PREFIX_PATH=/opt/ros/foxy /usr/bin/cmake /home/luisf/robot2_ws/src/custom_msg -DCMAKE_INSTALL_PREFIX=/home/luisf/robot2_ws/install/custom_msg
[0.056s] -- Found ament_cmake: 0.9.12 (/opt/ros/foxy/share/ament_cmake/cmake)
[0.094s] -- Using PYTHON_EXECUTABLE: /usr/bin/python3
[0.444s] -- Override CMake install command with custom implementation using symlinks instead of copying resources
[0.460s] -- Found rclcpp: 2.4.3 (/opt/ros/foxy/share/rclcpp/cmake)
[0.524s] -- Using all available rosidl_typesupport_c: rosidl_typesupport_fastrtps_c;rosidl_typesupport_introspection_c
[0.531s] -- Found rosidl_adapter: 1.3.1 (/opt/ros/foxy/share/rosidl_adapter/cmake)
[0.752s] -- Using all available rosidl_typesupport_cpp: rosidl_typesupport_fastrtps_cpp;rosidl_typesupport_introspection_cpp
[0.846s] -- Found rmw_implementation_cmake: 1.0.4 (/opt/ros/foxy/share/rmw_implementation_cmake/cmake)
[0.848s] -- Using RMW implementation 'rmw_fastrtps_cpp' as default
[1.123s] -- Found geometry_msgs: 2.0.5 (/opt/ros/foxy/share/geometry_msgs/cmake)
[1.186s] -- Found rosidl_default_generators: 1.0.1 (/opt/ros/foxy/share/rosidl_default_generators/cmake)
[1.203s] -- Found ament_lint_auto: 0.9.8 (/opt/ros/foxy/share/ament_lint_auto/cmake)
[1.390s] -- Found PythonInterp: /usr/bin/python3 (found version "3.8.10") 
[1.783s] -- Found ament_cmake_ros: 0.9.2 (/opt/ros/foxy/share/ament_cmake_ros/cmake)
[2.378s] -- Using all available rosidl_typesupport_c: rosidl_typesupport_fastrtps_c;rosidl_typesupport_introspection_c
[2.777s] -- Using all available rosidl_typesupport_cpp: rosidl_typesupport_fastrtps_cpp;rosidl_typesupport_introspection_cpp
[2.839s] -- Found PythonInterp: /usr/bin/python3 (found suitable version "3.8.10", minimum required is "3.5") 
[2.853s] -- Found python_cmake_module: 0.8.1 (/opt/ros/foxy/share/python_cmake_module/cmake)
[2.939s] -- Using PYTHON_EXECUTABLE: /usr/bin/python3
[2.939s] -- Using PYTHON_INCLUDE_DIRS: /usr/include/python3.8
[2.940s] -- Using PYTHON_LIBRARIES: /usr/lib/x86_64-linux-gnu/libpython3.8.so
[3.153s] -- Added test 'copyright' to check source files copyright and LICENSE
[3.206s] -- Added test 'lint_cmake' to check CMake code style
[3.226s] -- Added test 'xmllint' to check XML markup files
[3.349s] -- Configuring done
[3.854s] -- Generating done
[3.860s] -- Build files have been written to: /home/luisf/robot2_ws/build/custom_msg
[3.873s] Invoked command in '/home/luisf/robot2_ws/build/custom_msg' returned '0': CMAKE_PREFIX_PATH=/opt/ros/foxy /usr/bin/cmake /home/luisf/robot2_ws/src/custom_msg -DCMAKE_INSTALL_PREFIX=/home/luisf/robot2_ws/install/custom_msg
[3.878s] Invoking command in '/home/luisf/robot2_ws/build/custom_msg': CMAKE_PREFIX_PATH=/opt/ros/foxy /usr/bin/cmake --build /home/luisf/robot2_ws/build/custom_msg -- -j4 -l4
[3.956s] [35m[1mScanning dependencies of target custom_msg__cpp[0m
[3.966s] [  2%] [34m[1mGenerating C code for ROS interfaces[0m
[3.978s] [  5%] [34m[1mGenerating C++ code for ROS interfaces[0m
[4.624s] [  5%] Built target custom_msg__cpp
[4.680s] [  7%] [34m[1mGenerating C++ type support dispatch for ROS interfaces[0m
[4.680s] [ 10%] [34m[1mGenerating C++ type support for eProsima Fast-RTPS[0m
[4.686s] [ 12%] [34m[1mGenerating C++ introspection for ROS interfaces[0m
[4.734s] [35m[1mScanning dependencies of target custom_msg__rosidl_generator_c[0m
[4.854s] [ 15%] [32mBuilding C object CMakeFiles/custom_msg__rosidl_generator_c.dir/rosidl_generator_c/custom_msg/msg/detail/log_tf__functions.c.o[0m
[5.490s] [35m[1mScanning dependencies of target custom_msg__rosidl_typesupport_cpp[0m
[5.491s] [35m[1mScanning dependencies of target custom_msg__rosidl_typesupport_fastrtps_cpp[0m
[5.514s] [35m[1mScanning dependencies of target custom_msg__rosidl_typesupport_introspection_cpp[0m
[5.560s] [ 17%] [32mBuilding CXX object CMakeFiles/custom_msg__rosidl_typesupport_fastrtps_cpp.dir/rosidl_typesupport_fastrtps_cpp/custom_msg/msg/detail/dds_fastrtps/log_tf__type_support.cpp.o[0m
[5.563s] [ 20%] [32mBuilding CXX object CMakeFiles/custom_msg__rosidl_typesupport_cpp.dir/rosidl_typesupport_cpp/custom_msg/msg/log_tf__type_support.cpp.o[0m
[5.565s] [ 23%] [32mBuilding CXX object CMakeFiles/custom_msg__rosidl_typesupport_introspection_cpp.dir/rosidl_typesupport_introspection_cpp/custom_msg/msg/detail/log_tf__type_support.cpp.o[0m
[8.663s] [ 25%] [32mBuilding C object CMakeFiles/custom_msg__rosidl_generator_c.dir/rosidl_generator_c/custom_msg/msg/detail/target_coordinates__functions.c.o[0m
[8.788s] [ 28%] [32m[1mLinking C shared library libcustom_msg__rosidl_generator_c.so[0m
[10.289s] [ 30%] [32mBuilding CXX object CMakeFiles/custom_msg__rosidl_typesupport_cpp.dir/rosidl_typesupport_cpp/custom_msg/msg/target_coordinates__type_support.cpp.o[0m
[10.292s] [ 33%] [32mBuilding CXX object CMakeFiles/custom_msg__rosidl_typesupport_introspection_cpp.dir/rosidl_typesupport_introspection_cpp/custom_msg/msg/detail/target_coordinates__type_support.cpp.o[0m
[10.630s] [ 33%] Built target custom_msg__rosidl_generator_c
[10.689s] [ 35%] [34m[1mGenerating C type support dispatch for ROS interfaces[0m
[11.137s] [ 41%] [32m[1mLinking CXX shared library libcustom_msg__rosidl_typesupport_cpp.so[0m
[11.137s] [ 41%] [32m[1mLinking CXX shared library libcustom_msg__rosidl_typesupport_introspection_cpp.so[0m
[11.284s] [ 41%] Built target custom_msg__rosidl_typesupport_cpp
[11.326s] [ 43%] [34m[1mGenerating C introspection for ROS interfaces[0m
[11.341s] [ 43%] Built target custom_msg__rosidl_typesupport_introspection_cpp
[11.373s] [ 46%] [32mBuilding CXX object CMakeFiles/custom_msg__rosidl_typesupport_fastrtps_cpp.dir/rosidl_typesupport_fastrtps_cpp/custom_msg/msg/detail/dds_fastrtps/target_coordinates__type_support.cpp.o[0m
[11.412s] [35m[1mScanning dependencies of target custom_msg__rosidl_typesupport_c[0m
[11.433s] [ 48%] [32mBuilding CXX object CMakeFiles/custom_msg__rosidl_typesupport_c.dir/rosidl_typesupport_c/custom_msg/msg/log_tf__type_support.cpp.o[0m
[11.550s] [ 51%] [32mBuilding CXX object CMakeFiles/custom_msg__rosidl_typesupport_c.dir/rosidl_typesupport_c/custom_msg/msg/target_coordinates__type_support.cpp.o[0m
[11.635s] [ 53%] [32m[1mLinking CXX shared library libcustom_msg__rosidl_typesupport_c.so[0m
[11.752s] [ 53%] Built target custom_msg__rosidl_typesupport_c
[11.981s] [35m[1mScanning dependencies of target custom_msg__rosidl_typesupport_introspection_c[0m
[12.025s] [ 56%] [32mBuilding C object CMakeFiles/custom_msg__rosidl_typesupport_introspection_c.dir/rosidl_typesupport_introspection_c/custom_msg/msg/detail/target_coordinates__type_support.c.o[0m
[12.030s] [ 58%] [32mBuilding C object CMakeFiles/custom_msg__rosidl_typesupport_introspection_c.dir/rosidl_typesupport_introspection_c/custom_msg/msg/detail/log_tf__type_support.c.o[0m
[12.126s] [ 61%] [32m[1mLinking C shared library libcustom_msg__rosidl_typesupport_introspection_c.so[0m
[12.186s] [ 61%] Built target custom_msg__rosidl_typesupport_introspection_c
[12.317s] [ 64%] [32m[1mLinking CXX shared library libcustom_msg__rosidl_typesupport_fastrtps_cpp.so[0m
[12.592s] [ 64%] Built target custom_msg__rosidl_typesupport_fastrtps_cpp
[12.634s] [ 66%] [34m[1mGenerating C type support for eProsima Fast-RTPS[0m
[13.202s] [35m[1mScanning dependencies of target custom_msg__rosidl_typesupport_fastrtps_c[0m
[13.247s] [ 69%] [32mBuilding CXX object CMakeFiles/custom_msg__rosidl_typesupport_fastrtps_c.dir/rosidl_typesupport_fastrtps_c/custom_msg/msg/detail/log_tf__type_support_c.cpp.o[0m
[13.249s] [ 71%] [32mBuilding CXX object CMakeFiles/custom_msg__rosidl_typesupport_fastrtps_c.dir/rosidl_typesupport_fastrtps_c/custom_msg/msg/detail/target_coordinates__type_support_c.cpp.o[0m
[13.955s] [ 74%] [32m[1mLinking CXX shared library libcustom_msg__rosidl_typesupport_fastrtps_c.so[0m
[14.126s] [ 74%] Built target custom_msg__rosidl_typesupport_fastrtps_c
[14.185s] [ 74%] Built target custom_msg
[14.208s] [35m[1mScanning dependencies of target custom_msg__py[0m
[14.229s] [ 76%] [34m[1mGenerating Python code for ROS interfaces[0m
[15.192s] [ 76%] Built target custom_msg__py
[15.242s] [35m[1mScanning dependencies of target custom_msg__python[0m
[15.276s] [ 79%] [32mBuilding C object CMakeFiles/custom_msg__python.dir/rosidl_generator_py/custom_msg/msg/_log_tf_s.c.o[0m
[15.277s] [ 82%] [32mBuilding C object CMakeFiles/custom_msg__python.dir/rosidl_generator_py/custom_msg/msg/_target_coordinates_s.c.o[0m
[16.060s] [ 84%] [32m[1mLinking C shared library rosidl_generator_py/custom_msg/libcustom_msg__python.so[0m
[16.162s] [ 84%] Built target custom_msg__python
[16.224s] [35m[1mScanning dependencies of target custom_msg__rosidl_typesupport_c__pyext[0m
[16.225s] [35m[1mScanning dependencies of target custom_msg__rosidl_typesupport_introspection_c__pyext[0m
[16.226s] [35m[1mScanning dependencies of target custom_msg__rosidl_typesupport_fastrtps_c__pyext[0m
[16.256s] [ 87%] [32mBuilding C object CMakeFiles/custom_msg__rosidl_typesupport_c__pyext.dir/rosidl_generator_py/custom_msg/_custom_msg_s.ep.rosidl_typesupport_c.c.o[0m
[16.269s] [ 89%] [32mBuilding C object CMakeFiles/custom_msg__rosidl_typesupport_introspection_c__pyext.dir/rosidl_generator_py/custom_msg/_custom_msg_s.ep.rosidl_typesupport_introspection_c.c.o[0m
[16.272s] [ 92%] [32mBuilding C object CMakeFiles/custom_msg__rosidl_typesupport_fastrtps_c__pyext.dir/rosidl_generator_py/custom_msg/_custom_msg_s.ep.rosidl_typesupport_fastrtps_c.c.o[0m
[16.438s] [ 94%] [32m[1mLinking CXX shared library rosidl_generator_py/custom_msg/custom_msg_s__rosidl_typesupport_fastrtps_c.cpython-38-x86_64-linux-gnu.so[0m
[16.491s] [ 97%] [32m[1mLinking C shared library rosidl_generator_py/custom_msg/custom_msg_s__rosidl_typesupport_c.cpython-38-x86_64-linux-gnu.so[0m
[16.499s] [100%] [32m[1mLinking C shared library rosidl_generator_py/custom_msg/custom_msg_s__rosidl_typesupport_introspection_c.cpython-38-x86_64-linux-gnu.so[0m
[16.568s] [100%] Built target custom_msg__rosidl_typesupport_c__pyext
[16.596s] [100%] Built target custom_msg__rosidl_typesupport_introspection_c__pyext
[16.611s] [100%] Built target custom_msg__rosidl_typesupport_fastrtps_c__pyext
[16.631s] Invoked command in '/home/luisf/robot2_ws/build/custom_msg' returned '0': CMAKE_PREFIX_PATH=/opt/ros/foxy /usr/bin/cmake --build /home/luisf/robot2_ws/build/custom_msg -- -j4 -l4
[16.778s] Invoking command in '/home/luisf/robot2_ws/build/custom_msg': CMAKE_PREFIX_PATH=/opt/ros/foxy /usr/bin/cmake --install /home/luisf/robot2_ws/build/custom_msg
[16.796s] -- Install configuration: ""
[16.797s] -- Execute custom install script
[16.880s] -- Up-to-date symlink: /home/luisf/robot2_ws/install/custom_msg/share/ament_index/resource_index/rosidl_interfaces/custom_msg
[16.882s] -- Up-to-date symlink: /home/luisf/robot2_ws/install/custom_msg/include/custom_msg/msg/detail/log_tf__functions.h
[16.882s] -- Up-to-date symlink: /home/luisf/robot2_ws/install/custom_msg/include/custom_msg/msg/detail/log_tf__struct.h
[16.883s] -- Up-to-date symlink: /home/luisf/robot2_ws/install/custom_msg/include/custom_msg/msg/detail/log_tf__type_support.h
[16.883s] -- Symlinking: /home/luisf/robot2_ws/install/custom_msg/include/custom_msg/msg/detail/target_coordinates__functions.h
[16.900s] -- Symlinking: /home/luisf/robot2_ws/install/custom_msg/include/custom_msg/msg/detail/target_coordinates__struct.h
[16.915s] -- Symlinking: /home/luisf/robot2_ws/install/custom_msg/include/custom_msg/msg/detail/target_coordinates__type_support.h
[16.932s] -- Up-to-date symlink: /home/luisf/robot2_ws/install/custom_msg/include/custom_msg/msg/log_tf.h
[16.933s] -- Up-to-date symlink: /home/luisf/robot2_ws/install/custom_msg/include/custom_msg/msg/rosidl_generator_c__visibility_control.h
[16.933s] -- Symlinking: /home/luisf/robot2_ws/install/custom_msg/include/custom_msg/msg/target_coordinates.h
[16.950s] -- Up-to-date symlink: /home/luisf/robot2_ws/install/custom_msg/share/custom_msg/environment/library_path.sh
[16.950s] -- Up-to-date symlink: /home/luisf/robot2_ws/install/custom_msg/share/custom_msg/environment/library_path.dsv
[16.952s] -- Up-to-date symlink: /home/luisf/robot2_ws/install/custom_msg/include/custom_msg/msg/detail/log_tf__rosidl_typesupport_fastrtps_c.h
[16.952s] -- Symlinking: /home/luisf/robot2_ws/install/custom_msg/include/custom_msg/msg/detail/target_coordinates__rosidl_typesupport_fastrtps_c.h
[16.971s] -- Up-to-date symlink: /home/luisf/robot2_ws/install/custom_msg/include/custom_msg/msg/rosidl_typesupport_fastrtps_c__visibility_control.h
[16.972s] -- Up-to-date symlink: /home/luisf/robot2_ws/install/custom_msg/lib/libcustom_msg__rosidl_typesupport_fastrtps_c.so
[16.973s] -- Up-to-date symlink: /home/luisf/robot2_ws/install/custom_msg/include/custom_msg/msg/detail/log_tf__rosidl_typesupport_fastrtps_cpp.hpp
[16.974s] -- Symlinking: /home/luisf/robot2_ws/install/custom_msg/include/custom_msg/msg/detail/target_coordinates__rosidl_typesupport_fastrtps_cpp.hpp
[16.990s] -- Up-to-date symlink: /home/luisf/robot2_ws/install/custom_msg/include/custom_msg/msg/rosidl_typesupport_fastrtps_cpp__visibility_control.h
[16.991s] -- Up-to-date symlink: /home/luisf/robot2_ws/install/custom_msg/lib/libcustom_msg__rosidl_typesupport_fastrtps_cpp.so
[16.992s] -- Up-to-date symlink: /home/luisf/robot2_ws/install/custom_msg/include/custom_msg/msg/detail/log_tf__rosidl_typesupport_introspection_c.h
[16.993s] -- Symlinking: /home/luisf/robot2_ws/install/custom_msg/include/custom_msg/msg/detail/target_coordinates__rosidl_typesupport_introspection_c.h
[17.010s] -- Up-to-date symlink: /home/luisf/robot2_ws/install/custom_msg/include/custom_msg/msg/rosidl_typesupport_introspection_c__visibility_control.h
[17.011s] -- Up-to-date symlink: /home/luisf/robot2_ws/install/custom_msg/include/custom_msg/msg/detail/log_tf__builder.hpp
[17.012s] -- Up-to-date symlink: /home/luisf/robot2_ws/install/custom_msg/include/custom_msg/msg/detail/log_tf__struct.hpp
[17.012s] -- Up-to-date symlink: /home/luisf/robot2_ws/install/custom_msg/include/custom_msg/msg/detail/log_tf__traits.hpp
[17.013s] -- Up-to-date symlink: /home/luisf/robot2_ws/install/custom_msg/include/custom_msg/msg/detail/log_tf__type_support.hpp
[17.013s] -- Symlinking: /home/luisf/robot2_ws/install/custom_msg/include/custom_msg/msg/detail/target_coordinates__builder.hpp
[17.031s] -- Symlinking: /home/luisf/robot2_ws/install/custom_msg/include/custom_msg/msg/detail/target_coordinates__struct.hpp
[17.048s] -- Symlinking: /home/luisf/robot2_ws/install/custom_msg/include/custom_msg/msg/detail/target_coordinates__traits.hpp
[17.067s] -- Symlinking: /home/luisf/robot2_ws/install/custom_msg/include/custom_msg/msg/detail/target_coordinates__type_support.hpp
[17.082s] -- Up-to-date symlink: /home/luisf/robot2_ws/install/custom_msg/include/custom_msg/msg/log_tf.hpp
[17.082s] -- Up-to-date symlink: /home/luisf/robot2_ws/install/custom_msg/include/custom_msg/msg/rosidl_generator_cpp__visibility_control.hpp
[17.082s] -- Symlinking: /home/luisf/robot2_ws/install/custom_msg/include/custom_msg/msg/target_coordinates.hpp
[17.100s] -- Up-to-date symlink: /home/luisf/robot2_ws/install/custom_msg/include/custom_msg/msg/detail/log_tf__rosidl_typesupport_introspection_cpp.hpp
[17.100s] -- Symlinking: /home/luisf/robot2_ws/install/custom_msg/include/custom_msg/msg/detail/target_coordinates__rosidl_typesupport_introspection_cpp.hpp
[17.117s] -- Up-to-date symlink: /home/luisf/robot2_ws/install/custom_msg/share/custom_msg/environment/pythonpath.sh
[17.118s] -- Up-to-date symlink: /home/luisf/robot2_ws/install/custom_msg/share/custom_msg/environment/pythonpath.dsv
[17.119s] -- Up-to-date symlink: /home/luisf/robot2_ws/install/custom_msg/lib/python3.8/site-packages/custom_msg/__init__.py
[17.120s] -- Up-to-date symlink: /home/luisf/robot2_ws/install/custom_msg/lib/python3.8/site-packages/custom_msg/msg/__init__.py
[17.120s] -- Up-to-date symlink: /home/luisf/robot2_ws/install/custom_msg/lib/python3.8/site-packages/custom_msg/msg/_log_tf.py
[17.120s] -- Symlinking: /home/luisf/robot2_ws/install/custom_msg/lib/python3.8/site-packages/custom_msg/msg/_target_coordinates.py
[17.140s] -- Up-to-date symlink: /home/luisf/robot2_ws/install/custom_msg/lib/python3.8/site-packages/custom_msg/custom_msg_s__rosidl_typesupport_fastrtps_c.cpython-38-x86_64-linux-gnu.so
[17.141s] -- Up-to-date symlink: /home/luisf/robot2_ws/install/custom_msg/lib/python3.8/site-packages/custom_msg/custom_msg_s__rosidl_typesupport_introspection_c.cpython-38-x86_64-linux-gnu.so
[17.142s] -- Up-to-date symlink: /home/luisf/robot2_ws/install/custom_msg/lib/python3.8/site-packages/custom_msg/custom_msg_s__rosidl_typesupport_c.cpython-38-x86_64-linux-gnu.so
[17.142s] -- Up-to-date symlink: /home/luisf/robot2_ws/install/custom_msg/lib/libcustom_msg__python.so
[17.144s] -- Up-to-date symlink: /home/luisf/robot2_ws/install/custom_msg/share/custom_msg/msg/LogTf.idl
[17.144s] -- Symlinking: /home/luisf/robot2_ws/install/custom_msg/share/custom_msg/msg/TargetCoordinates.idl
[17.165s] -- Up-to-date symlink: /home/luisf/robot2_ws/install/custom_msg/share/custom_msg/msg/LogTf.msg
[17.165s] -- Symlinking: /home/luisf/robot2_ws/install/custom_msg/share/custom_msg/msg/TargetCoordinates.msg
[17.184s] -- Up-to-date symlink: /home/luisf/robot2_ws/install/custom_msg/share/ament_index/resource_index/package_run_dependencies/custom_msg
[17.184s] -- Up-to-date symlink: /home/luisf/robot2_ws/install/custom_msg/share/ament_index/resource_index/parent_prefix_path/custom_msg
[17.185s] -- Up-to-date symlink: /home/luisf/robot2_ws/install/custom_msg/share/custom_msg/environment/ament_prefix_path.sh
[17.186s] -- Up-to-date symlink: /home/luisf/robot2_ws/install/custom_msg/share/custom_msg/environment/ament_prefix_path.dsv
[17.186s] -- Up-to-date symlink: /home/luisf/robot2_ws/install/custom_msg/share/custom_msg/environment/path.sh
[17.187s] -- Up-to-date symlink: /home/luisf/robot2_ws/install/custom_msg/share/custom_msg/environment/path.dsv
[17.188s] -- Up-to-date symlink: /home/luisf/robot2_ws/install/custom_msg/share/custom_msg/local_setup.bash
[17.189s] -- Up-to-date symlink: /home/luisf/robot2_ws/install/custom_msg/share/custom_msg/local_setup.sh
[17.190s] -- Up-to-date symlink: /home/luisf/robot2_ws/install/custom_msg/share/custom_msg/local_setup.zsh
[17.191s] -- Up-to-date symlink: /home/luisf/robot2_ws/install/custom_msg/share/custom_msg/local_setup.dsv
[17.192s] -- Symlinking: /home/luisf/robot2_ws/install/custom_msg/share/custom_msg/package.dsv
[17.208s] -- Up-to-date symlink: /home/luisf/robot2_ws/install/custom_msg/share/ament_index/resource_index/packages/custom_msg
[17.208s] -- Up-to-date symlink: /home/luisf/robot2_ws/install/custom_msg/share/custom_msg/cmake/rosidl_cmake-extras.cmake
[17.209s] -- Up-to-date symlink: /home/luisf/robot2_ws/install/custom_msg/share/custom_msg/cmake/ament_cmake_export_dependencies-extras.cmake
[17.209s] -- Up-to-date symlink: /home/luisf/robot2_ws/install/custom_msg/share/custom_msg/cmake/ament_cmake_export_libraries-extras.cmake
[17.210s] -- Up-to-date symlink: /home/luisf/robot2_ws/install/custom_msg/share/custom_msg/cmake/ament_cmake_export_targets-extras.cmake
[17.210s] -- Up-to-date symlink: /home/luisf/robot2_ws/install/custom_msg/share/custom_msg/cmake/ament_cmake_export_include_directories-extras.cmake
[17.210s] -- Up-to-date symlink: /home/luisf/robot2_ws/install/custom_msg/share/custom_msg/cmake/rosidl_cmake_export_typesupport_libraries-extras.cmake
[17.211s] -- Up-to-date symlink: /home/luisf/robot2_ws/install/custom_msg/share/custom_msg/cmake/rosidl_cmake_export_typesupport_targets-extras.cmake
[17.211s] -- Up-to-date symlink: /home/luisf/robot2_ws/install/custom_msg/share/custom_msg/cmake/custom_msgConfig.cmake
[17.212s] -- Up-to-date symlink: /home/luisf/robot2_ws/install/custom_msg/share/custom_msg/cmake/custom_msgConfig-version.cmake
[17.212s] -- Up-to-date symlink: /home/luisf/robot2_ws/install/custom_msg/share/custom_msg/package.xml
[17.218s] -- Installing: /home/luisf/robot2_ws/install/custom_msg/lib/libcustom_msg__rosidl_generator_c.so
[17.219s] -- Set runtime path of "/home/luisf/robot2_ws/install/custom_msg/lib/libcustom_msg__rosidl_generator_c.so" to ""
[17.220s] -- Installing: /home/luisf/robot2_ws/install/custom_msg/lib/libcustom_msg__rosidl_typesupport_introspection_c.so
[17.221s] -- Set runtime path of "/home/luisf/robot2_ws/install/custom_msg/lib/libcustom_msg__rosidl_typesupport_introspection_c.so" to ""
[17.221s] -- Installing: /home/luisf/robot2_ws/install/custom_msg/lib/libcustom_msg__rosidl_typesupport_c.so
[17.222s] -- Set runtime path of "/home/luisf/robot2_ws/install/custom_msg/lib/libcustom_msg__rosidl_typesupport_c.so" to ""
[17.223s] -- Installing: /home/luisf/robot2_ws/install/custom_msg/lib/libcustom_msg__rosidl_typesupport_introspection_cpp.so
[17.223s] -- Set runtime path of "/home/luisf/robot2_ws/install/custom_msg/lib/libcustom_msg__rosidl_typesupport_introspection_cpp.so" to ""
[17.224s] -- Installing: /home/luisf/robot2_ws/install/custom_msg/lib/libcustom_msg__rosidl_typesupport_cpp.so
[17.225s] -- Set runtime path of "/home/luisf/robot2_ws/install/custom_msg/lib/libcustom_msg__rosidl_typesupport_cpp.so" to ""
[17.286s] Compiling '/home/luisf/robot2_ws/install/custom_msg/lib/python3.8/site-packages/custom_msg/__init__.py'...
[17.295s] -- Old export file "/home/luisf/robot2_ws/install/custom_msg/share/custom_msg/cmake/custom_msg__rosidl_generator_cExport.cmake" will be replaced.  Removing files [/home/luisf/robot2_ws/install/custom_msg/share/custom_msg/cmake/custom_msg__rosidl_generator_cExport-noconfig.cmake].
[17.295s] -- Installing: /home/luisf/robot2_ws/install/custom_msg/share/custom_msg/cmake/custom_msg__rosidl_generator_cExport.cmake
[17.296s] -- Installing: /home/luisf/robot2_ws/install/custom_msg/share/custom_msg/cmake/custom_msg__rosidl_generator_cExport-noconfig.cmake
[17.296s] -- Old export file "/home/luisf/robot2_ws/install/custom_msg/share/custom_msg/cmake/custom_msg__rosidl_typesupport_introspection_cExport.cmake" will be replaced.  Removing files [/home/luisf/robot2_ws/install/custom_msg/share/custom_msg/cmake/custom_msg__rosidl_typesupport_introspection_cExport-noconfig.cmake].
[17.297s] -- Installing: /home/luisf/robot2_ws/install/custom_msg/share/custom_msg/cmake/custom_msg__rosidl_typesupport_introspection_cExport.cmake
[17.297s] -- Installing: /home/luisf/robot2_ws/install/custom_msg/share/custom_msg/cmake/custom_msg__rosidl_typesupport_introspection_cExport-noconfig.cmake
[17.298s] -- Old export file "/home/luisf/robot2_ws/install/custom_msg/share/custom_msg/cmake/custom_msg__rosidl_typesupport_cExport.cmake" will be replaced.  Removing files [/home/luisf/robot2_ws/install/custom_msg/share/custom_msg/cmake/custom_msg__rosidl_typesupport_cExport-noconfig.cmake].
[17.298s] -- Installing: /home/luisf/robot2_ws/install/custom_msg/share/custom_msg/cmake/custom_msg__rosidl_typesupport_cExport.cmake
[17.298s] -- Installing: /home/luisf/robot2_ws/install/custom_msg/share/custom_msg/cmake/custom_msg__rosidl_typesupport_cExport-noconfig.cmake
[17.299s] -- Installing: /home/luisf/robot2_ws/install/custom_msg/share/custom_msg/cmake/custom_msg__rosidl_generator_cppExport.cmake
[17.300s] -- Old export file "/home/luisf/robot2_ws/install/custom_msg/share/custom_msg/cmake/custom_msg__rosidl_typesupport_introspection_cppExport.cmake" will be replaced.  Removing files [/home/luisf/robot2_ws/install/custom_msg/share/custom_msg/cmake/custom_msg__rosidl_typesupport_introspection_cppExport-noconfig.cmake].
[17.300s] -- Installing: /home/luisf/robot2_ws/install/custom_msg/share/custom_msg/cmake/custom_msg__rosidl_typesupport_introspection_cppExport.cmake
[17.300s] -- Installing: /home/luisf/robot2_ws/install/custom_msg/share/custom_msg/cmake/custom_msg__rosidl_typesupport_introspection_cppExport-noconfig.cmake
[17.301s] -- Old export file "/home/luisf/robot2_ws/install/custom_msg/share/custom_msg/cmake/custom_msg__rosidl_typesupport_cppExport.cmake" will be replaced.  Removing files [/home/luisf/robot2_ws/install/custom_msg/share/custom_msg/cmake/custom_msg__rosidl_typesupport_cppExport-noconfig.cmake].
[17.301s] -- Installing: /home/luisf/robot2_ws/install/custom_msg/share/custom_msg/cmake/custom_msg__rosidl_typesupport_cppExport.cmake
[17.302s] -- Installing: /home/luisf/robot2_ws/install/custom_msg/share/custom_msg/cmake/custom_msg__rosidl_typesupport_cppExport-noconfig.cmake
[17.306s] Invoked command in '/home/luisf/robot2_ws/build/custom_msg' returned '0': CMAKE_PREFIX_PATH=/opt/ros/foxy /usr/bin/cmake --install /home/luisf/robot2_ws/build/custom_msg
